mode: set
github.com/venicegeo/geojson-go/geojson/bbox.go:38.61,45.35 2 1
github.com/venicegeo/geojson-go/geojson/bbox.go:90.2,90.31 1 1
github.com/venicegeo/geojson-go/geojson/bbox.go:46.2,47.35 1 1
github.com/venicegeo/geojson-go/geojson/bbox.go:54.2,55.22 1 1
github.com/venicegeo/geojson-go/geojson/bbox.go:58.2,59.46 1 1
github.com/venicegeo/geojson-go/geojson/bbox.go:60.2,61.34 1 1
github.com/venicegeo/geojson-go/geojson/bbox.go:68.2,69.34 1 1
github.com/venicegeo/geojson-go/geojson/bbox.go:76.2,77.34 1 1
github.com/venicegeo/geojson-go/geojson/bbox.go:84.2,85.34 1 1
github.com/venicegeo/geojson-go/geojson/bbox.go:47.35,48.67 1 1
github.com/venicegeo/geojson-go/geojson/bbox.go:48.67,50.5 1 1
github.com/venicegeo/geojson-go/geojson/bbox.go:50.5,52.5 1 1
github.com/venicegeo/geojson-go/geojson/bbox.go:55.22,57.4 1 1
github.com/venicegeo/geojson-go/geojson/bbox.go:61.34,62.53 1 1
github.com/venicegeo/geojson-go/geojson/bbox.go:62.53,64.5 1 1
github.com/venicegeo/geojson-go/geojson/bbox.go:64.5,66.5 1 0
github.com/venicegeo/geojson-go/geojson/bbox.go:69.34,70.53 1 1
github.com/venicegeo/geojson-go/geojson/bbox.go:70.53,72.5 1 1
github.com/venicegeo/geojson-go/geojson/bbox.go:72.5,74.5 1 0
github.com/venicegeo/geojson-go/geojson/bbox.go:77.34,78.53 1 1
github.com/venicegeo/geojson-go/geojson/bbox.go:78.53,80.5 1 1
github.com/venicegeo/geojson-go/geojson/bbox.go:80.5,82.5 1 0
github.com/venicegeo/geojson-go/geojson/bbox.go:85.34,87.4 1 1
github.com/venicegeo/geojson-go/geojson/bbox.go:93.57,95.17 2 1
github.com/venicegeo/geojson-go/geojson/bbox.go:99.2,99.27 1 1
github.com/venicegeo/geojson-go/geojson/bbox.go:104.2,104.53 1 1
github.com/venicegeo/geojson-go/geojson/bbox.go:118.2,118.38 1 1
github.com/venicegeo/geojson-go/geojson/bbox.go:124.2,124.47 1 1
github.com/venicegeo/geojson-go/geojson/bbox.go:129.2,129.14 1 1
github.com/venicegeo/geojson-go/geojson/bbox.go:95.17,97.3 1 1
github.com/venicegeo/geojson-go/geojson/bbox.go:99.27,101.3 1 0
github.com/venicegeo/geojson-go/geojson/bbox.go:104.53,106.3 1 1
github.com/venicegeo/geojson-go/geojson/bbox.go:106.3,106.60 1 1
github.com/venicegeo/geojson-go/geojson/bbox.go:106.60,108.3 1 1
github.com/venicegeo/geojson-go/geojson/bbox.go:108.3,109.27 1 1
github.com/venicegeo/geojson-go/geojson/bbox.go:112.3,112.41 1 1
github.com/venicegeo/geojson-go/geojson/bbox.go:109.27,111.4 1 1
github.com/venicegeo/geojson-go/geojson/bbox.go:112.41,114.4 1 1
github.com/venicegeo/geojson-go/geojson/bbox.go:118.38,119.31 1 1
github.com/venicegeo/geojson-go/geojson/bbox.go:119.31,121.4 1 1
github.com/venicegeo/geojson-go/geojson/bbox.go:124.47,125.31 1 1
github.com/venicegeo/geojson-go/geojson/bbox.go:125.31,127.4 1 1
github.com/venicegeo/geojson-go/geojson/bbox.go:133.53,136.36 3 1
github.com/venicegeo/geojson-go/geojson/bbox.go:139.2,139.58 1 1
github.com/venicegeo/geojson-go/geojson/bbox.go:142.2,142.35 1 1
github.com/venicegeo/geojson-go/geojson/bbox.go:147.2,147.13 1 1
github.com/venicegeo/geojson-go/geojson/bbox.go:136.36,138.3 1 0
github.com/venicegeo/geojson-go/geojson/bbox.go:139.58,141.3 1 0
github.com/venicegeo/geojson-go/geojson/bbox.go:142.35,143.27 1 1
github.com/venicegeo/geojson-go/geojson/bbox.go:143.27,145.4 1 0
github.com/venicegeo/geojson-go/geojson/bbox.go:152.55,156.58 3 1
github.com/venicegeo/geojson-go/geojson/bbox.go:159.2,161.46 3 1
github.com/venicegeo/geojson-go/geojson/bbox.go:172.2,173.22 2 1
github.com/venicegeo/geojson-go/geojson/bbox.go:176.2,176.15 1 1
github.com/venicegeo/geojson-go/geojson/bbox.go:156.58,158.3 1 1
github.com/venicegeo/geojson-go/geojson/bbox.go:161.46,163.3 0 0
github.com/venicegeo/geojson-go/geojson/bbox.go:163.3,163.30 1 1
github.com/venicegeo/geojson-go/geojson/bbox.go:163.30,166.3 1 1
github.com/venicegeo/geojson-go/geojson/bbox.go:166.3,166.32 1 1
github.com/venicegeo/geojson-go/geojson/bbox.go:166.32,169.3 1 1
github.com/venicegeo/geojson-go/geojson/bbox.go:169.3,171.3 1 0
github.com/venicegeo/geojson-go/geojson/bbox.go:173.22,175.3 1 0
github.com/venicegeo/geojson-go/geojson/bbox.go:180.39,182.17 2 1
github.com/venicegeo/geojson-go/geojson/bbox.go:196.2,196.15 1 1
github.com/venicegeo/geojson-go/geojson/bbox.go:183.2,187.42 1 1
github.com/venicegeo/geojson-go/geojson/bbox.go:188.2,194.42 1 1
github.com/venicegeo/geojson-go/geojson/bbox.go:201.37,202.17 1 1
github.com/venicegeo/geojson-go/geojson/bbox.go:216.2,216.64 1 1
github.com/venicegeo/geojson-go/geojson/bbox.go:203.2,204.13 1 1
github.com/venicegeo/geojson-go/geojson/bbox.go:205.2,206.20 1 1
github.com/venicegeo/geojson-go/geojson/bbox.go:209.3,209.13 1 1
github.com/venicegeo/geojson-go/geojson/bbox.go:210.2,211.37 1 1
github.com/venicegeo/geojson-go/geojson/bbox.go:214.3,214.13 1 1
github.com/venicegeo/geojson-go/geojson/bbox.go:206.20,208.4 1 0
github.com/venicegeo/geojson-go/geojson/bbox.go:211.37,213.4 1 1
github.com/venicegeo/geojson-go/geojson/bbox.go:220.43,221.23 1 1
github.com/venicegeo/geojson-go/geojson/bbox.go:224.2,224.17 1 1
github.com/venicegeo/geojson-go/geojson/bbox.go:235.2,235.14 1 1
github.com/venicegeo/geojson-go/geojson/bbox.go:221.23,223.3 1 0
github.com/venicegeo/geojson-go/geojson/bbox.go:225.2,225.9 0 0
github.com/venicegeo/geojson-go/geojson/bbox.go:226.2,227.20 1 1
github.com/venicegeo/geojson-go/geojson/bbox.go:230.2,231.20 1 1
github.com/venicegeo/geojson-go/geojson/bbox.go:227.20,229.4 1 1
github.com/venicegeo/geojson-go/geojson/bbox.go:231.20,233.4 1 1
github.com/venicegeo/geojson-go/geojson/bbox.go:240.41,242.23 2 1
github.com/venicegeo/geojson-go/geojson/bbox.go:258.2,258.15 1 1
github.com/venicegeo/geojson-go/geojson/bbox.go:242.23,243.18 1 1
github.com/venicegeo/geojson-go/geojson/bbox.go:244.3,244.10 0 1
github.com/venicegeo/geojson-go/geojson/bbox.go:245.3,249.38 4 1
github.com/venicegeo/geojson-go/geojson/bbox.go:250.3,255.38 5 0
github.com/venicegeo/geojson-go/geojson/feature.go:45.55,47.55 2 1
github.com/venicegeo/geojson-go/geojson/feature.go:50.2,51.21 2 1
github.com/venicegeo/geojson-go/geojson/feature.go:47.55,49.3 1 0
github.com/venicegeo/geojson-go/geojson/feature.go:55.49,56.27 1 1
github.com/venicegeo/geojson-go/geojson/feature.go:59.2,59.58 1 1
github.com/venicegeo/geojson-go/geojson/feature.go:63.2,63.22 1 1
github.com/venicegeo/geojson-go/geojson/feature.go:56.27,58.3 1 1
github.com/venicegeo/geojson-go/geojson/feature.go:59.58,61.3 1 0
github.com/venicegeo/geojson-go/geojson/feature.go:67.41,69.53 2 1
github.com/venicegeo/geojson-go/geojson/feature.go:74.2,74.15 1 1
github.com/venicegeo/geojson-go/geojson/feature.go:69.53,71.3 1 1
github.com/venicegeo/geojson-go/geojson/feature.go:71.3,73.3 1 0
github.com/venicegeo/geojson-go/geojson/feature.go:78.40,79.23 1 0
github.com/venicegeo/geojson-go/geojson/feature.go:82.2,82.38 1 0
github.com/venicegeo/geojson-go/geojson/feature.go:79.23,81.3 1 0
github.com/venicegeo/geojson-go/geojson/feature.go:87.35,89.39 2 1
github.com/venicegeo/geojson-go/geojson/feature.go:99.2,102.15 4 1
github.com/venicegeo/geojson-go/geojson/feature.go:90.2,91.30 1 0
github.com/venicegeo/geojson-go/geojson/feature.go:92.2,93.29 1 1
github.com/venicegeo/geojson-go/geojson/feature.go:94.2,95.24 1 0
github.com/venicegeo/geojson-go/geojson/feature.go:96.2,97.25 1 0
github.com/venicegeo/geojson-go/geojson/feature.go:107.80,108.23 1 1
github.com/venicegeo/geojson-go/geojson/feature.go:111.2,111.84 1 1
github.com/venicegeo/geojson-go/geojson/feature.go:108.23,110.3 1 1
github.com/venicegeo/geojson-go/geojson/feature.go:116.43,117.29 1 1
github.com/venicegeo/geojson-go/geojson/feature.go:117.29,118.49 1 1
github.com/venicegeo/geojson-go/geojson/feature.go:118.49,120.4 1 1
github.com/venicegeo/geojson-go/geojson/feature.go:124.42,126.31 2 1
github.com/venicegeo/geojson-go/geojson/feature.go:140.2,140.15 1 1
github.com/venicegeo/geojson-go/geojson/feature.go:127.2,128.17 1 1
github.com/venicegeo/geojson-go/geojson/feature.go:129.2,130.26 1 0
github.com/venicegeo/geojson-go/geojson/feature.go:131.2,132.35 1 1
github.com/venicegeo/geojson-go/geojson/feature.go:133.2,134.37 1 0
github.com/venicegeo/geojson-go/geojson/feature.go:135.2,136.40 1 1
github.com/venicegeo/geojson-go/geojson/feature.go:137.2,138.51 1 1
github.com/venicegeo/geojson-go/geojson/feature.go:145.68,147.58 2 1
github.com/venicegeo/geojson-go/geojson/feature.go:150.2,150.15 1 0
github.com/venicegeo/geojson-go/geojson/feature.go:147.58,149.3 1 1
github.com/venicegeo/geojson-go/geojson/feature.go:153.36,156.31 2 1
github.com/venicegeo/geojson-go/geojson/feature.go:171.2,171.15 1 1
github.com/venicegeo/geojson-go/geojson/feature.go:157.2,158.17 1 1
github.com/venicegeo/geojson-go/geojson/feature.go:159.2,161.26 2 1
github.com/venicegeo/geojson-go/geojson/feature.go:162.2,163.34 1 0
github.com/venicegeo/geojson-go/geojson/feature.go:164.2,165.30 1 1
github.com/venicegeo/geojson-go/geojson/feature.go:166.2,167.30 1 0
github.com/venicegeo/geojson-go/geojson/feature.go:168.2,169.30 1 1
github.com/venicegeo/geojson-go/geojson/feature.go:176.62,178.58 2 1
github.com/venicegeo/geojson-go/geojson/feature.go:181.2,181.15 1 1
github.com/venicegeo/geojson-go/geojson/feature.go:178.58,180.3 1 1
github.com/venicegeo/geojson-go/geojson/feature.go:186.75,188.58 2 1
github.com/venicegeo/geojson-go/geojson/feature.go:200.2,200.15 1 1
github.com/venicegeo/geojson-go/geojson/feature.go:188.58,189.35 1 1
github.com/venicegeo/geojson-go/geojson/feature.go:190.3,191.18 1 0
github.com/venicegeo/geojson-go/geojson/feature.go:192.3,193.31 1 0
github.com/venicegeo/geojson-go/geojson/feature.go:193.31,194.44 1 0
github.com/venicegeo/geojson-go/geojson/feature.go:194.44,196.6 1 0
github.com/venicegeo/geojson-go/geojson/feature.go:203.42,206.31 2 1
github.com/venicegeo/geojson-go/geojson/feature.go:222.2,222.15 1 1
github.com/venicegeo/geojson-go/geojson/feature.go:207.2,208.17 1 1
github.com/venicegeo/geojson-go/geojson/feature.go:209.2,210.68 1 1
github.com/venicegeo/geojson-go/geojson/feature.go:213.2,214.36 1 0
github.com/venicegeo/geojson-go/geojson/feature.go:215.2,216.36 1 1
github.com/venicegeo/geojson-go/geojson/feature.go:217.2,218.36 1 0
github.com/venicegeo/geojson-go/geojson/feature.go:219.2,220.36 1 1
github.com/venicegeo/geojson-go/geojson/feature.go:210.68,212.4 1 0
github.com/venicegeo/geojson-go/geojson/feature.go:227.68,229.58 2 1
github.com/venicegeo/geojson-go/geojson/feature.go:232.2,232.15 1 1
github.com/venicegeo/geojson-go/geojson/feature.go:229.58,231.3 1 1
github.com/venicegeo/geojson-go/geojson/feature.go:237.41,242.48 2 1
github.com/venicegeo/geojson-go/geojson/feature.go:260.2,260.12 1 0
github.com/venicegeo/geojson-go/geojson/feature.go:242.48,247.37 5 1
github.com/venicegeo/geojson-go/geojson/feature.go:250.3,250.30 1 1
github.com/venicegeo/geojson-go/geojson/feature.go:258.3,258.17 1 1
github.com/venicegeo/geojson-go/geojson/feature.go:247.37,249.4 1 0
github.com/venicegeo/geojson-go/geojson/feature.go:250.30,251.31 1 1
github.com/venicegeo/geojson-go/geojson/feature.go:252.4,253.23 1 1
github.com/venicegeo/geojson-go/geojson/feature.go:254.4,255.53 1 0
github.com/venicegeo/geojson-go/geojson/feature_collection.go:36.75,38.55 2 1
github.com/venicegeo/geojson-go/geojson/feature_collection.go:41.2,41.42 1 1
github.com/venicegeo/geojson-go/geojson/feature_collection.go:44.2,44.21 1 1
github.com/venicegeo/geojson-go/geojson/feature_collection.go:38.55,40.3 1 0
github.com/venicegeo/geojson-go/geojson/feature_collection.go:41.42,43.3 1 1
github.com/venicegeo/geojson-go/geojson/feature_collection.go:48.54,49.22 1 1
github.com/venicegeo/geojson-go/geojson/feature_collection.go:52.2,53.38 2 1
github.com/venicegeo/geojson-go/geojson/feature_collection.go:56.2,56.15 1 1
github.com/venicegeo/geojson-go/geojson/feature_collection.go:49.22,51.3 1 0
github.com/venicegeo/geojson-go/geojson/feature_collection.go:53.38,55.3 1 1
github.com/venicegeo/geojson-go/geojson/feature_collection.go:60.67,61.21 1 1
github.com/venicegeo/geojson-go/geojson/feature_collection.go:64.2,64.72 1 1
github.com/venicegeo/geojson-go/geojson/feature_collection.go:61.21,63.3 1 1
github.com/venicegeo/geojson-go/geojson/feature_collection.go:68.46,70.48 2 1
github.com/venicegeo/geojson-go/geojson/feature_collection.go:75.2,75.15 1 1
github.com/venicegeo/geojson-go/geojson/feature_collection.go:70.48,72.3 1 1
github.com/venicegeo/geojson-go/geojson/feature_collection.go:72.3,74.3 1 0
github.com/venicegeo/geojson-go/geojson/feature_collection.go:80.40,84.40 4 1
github.com/venicegeo/geojson-go/geojson/feature_collection.go:88.2,90.15 3 1
github.com/venicegeo/geojson-go/geojson/feature_collection.go:84.40,86.3 1 1
github.com/venicegeo/geojson-go/geojson/feature_collection.go:95.61,98.58 3 1
github.com/venicegeo/geojson-go/geojson/feature_collection.go:106.2,106.36 1 1
github.com/venicegeo/geojson-go/geojson/feature_collection.go:109.2,109.15 1 1
github.com/venicegeo/geojson-go/geojson/feature_collection.go:98.58,99.44 1 1
github.com/venicegeo/geojson-go/geojson/feature_collection.go:99.44,100.46 1 1
github.com/venicegeo/geojson-go/geojson/feature_collection.go:100.46,103.5 2 1
github.com/venicegeo/geojson-go/geojson/feature_collection.go:106.36,108.3 1 1
github.com/venicegeo/geojson-go/geojson/feature_collection.go:114.47,118.38 2 1
github.com/venicegeo/geojson-go/geojson/feature_collection.go:127.2,127.38 1 1
github.com/venicegeo/geojson-go/geojson/feature_collection.go:118.38,119.39 1 1
github.com/venicegeo/geojson-go/geojson/feature_collection.go:119.39,120.37 1 1
github.com/venicegeo/geojson-go/geojson/feature_collection.go:120.37,122.5 1 1
github.com/venicegeo/geojson-go/geojson/feature_collection.go:127.38,128.31 1 1
github.com/venicegeo/geojson-go/geojson/feature_collection.go:128.31,129.45 1 1
github.com/venicegeo/geojson-go/geojson/feature_collection.go:129.45,131.5 1 1
github.com/venicegeo/geojson-go/geojson/geojson.go:35.47,41.50 2 1
github.com/venicegeo/geojson-go/geojson/geojson.go:44.2,44.18 1 1
github.com/venicegeo/geojson-go/geojson/geojson.go:64.2,64.20 1 1
github.com/venicegeo/geojson-go/geojson/geojson.go:41.50,43.3 1 0
github.com/venicegeo/geojson-go/geojson/geojson.go:45.2,46.38 1 1
github.com/venicegeo/geojson-go/geojson/geojson.go:47.2,48.43 1 1
github.com/venicegeo/geojson-go/geojson/geojson.go:49.2,50.40 1 1
github.com/venicegeo/geojson-go/geojson/geojson.go:51.2,52.43 1 1
github.com/venicegeo/geojson-go/geojson/geojson.go:53.2,54.48 1 1
github.com/venicegeo/geojson-go/geojson/geojson.go:55.2,56.45 1 1
github.com/venicegeo/geojson-go/geojson/geojson.go:57.2,58.51 1 1
github.com/venicegeo/geojson-go/geojson/geojson.go:59.2,60.40 1 1
github.com/venicegeo/geojson-go/geojson/geojson.go:61.2,62.50 1 1
github.com/venicegeo/geojson-go/geojson/geojson.go:68.54,73.56 2 1
github.com/venicegeo/geojson-go/geojson/geojson.go:76.2,76.21 1 1
github.com/venicegeo/geojson-go/geojson/geojson.go:73.56,75.3 1 0
github.com/venicegeo/geojson-go/geojson/geojson.go:81.37,87.37 2 1
github.com/venicegeo/geojson-go/geojson/geojson.go:98.2,98.12 1 0
github.com/venicegeo/geojson-go/geojson/geojson.go:87.37,88.27 1 1
github.com/venicegeo/geojson-go/geojson/geojson.go:89.3,90.32 1 1
github.com/venicegeo/geojson-go/geojson/geojson.go:91.3,92.42 1 1
github.com/venicegeo/geojson-go/geojson/geojson.go:93.3,94.29 1 0
github.com/venicegeo/geojson-go/geojson/geojson.go:102.47,104.2 1 1
github.com/venicegeo/geojson-go/geojson/geojson.go:107.58,112.43 2 1
github.com/venicegeo/geojson-go/geojson/geojson.go:115.2,115.48 1 1
github.com/venicegeo/geojson-go/geojson/geojson.go:112.43,114.3 1 0
github.com/venicegeo/geojson-go/geojson/geometry.go:48.51,52.2 3 1
github.com/venicegeo/geojson-go/geojson/geometry.go:55.44,56.25 1 1
github.com/venicegeo/geojson-go/geojson/geometry.go:59.2,59.64 1 1
github.com/venicegeo/geojson-go/geojson/geometry.go:62.2,62.20 1 1
github.com/venicegeo/geojson-go/geojson/geometry.go:56.25,58.3 1 0
github.com/venicegeo/geojson-go/geojson/geometry.go:59.64,61.3 1 1
github.com/venicegeo/geojson-go/geojson/geometry.go:66.36,68.51 2 1
github.com/venicegeo/geojson-go/geojson/geometry.go:73.2,73.15 1 1
github.com/venicegeo/geojson-go/geojson/geometry.go:68.51,70.3 1 1
github.com/venicegeo/geojson-go/geojson/geometry.go:70.3,72.3 1 0
github.com/venicegeo/geojson-go/geojson/geometry.go:77.30,82.2 4 1
github.com/venicegeo/geojson-go/geojson/geometry.go:85.45,86.26 1 1
github.com/venicegeo/geojson-go/geojson/geometry.go:89.2,89.12 1 0
github.com/venicegeo/geojson-go/geojson/geometry.go:86.26,88.3 1 1
github.com/venicegeo/geojson-go/geojson/geometry.go:93.33,95.32 2 1
github.com/venicegeo/geojson-go/geojson/geometry.go:105.2,105.15 1 1
github.com/venicegeo/geojson-go/geojson/geometry.go:96.2,97.80 1 1
github.com/venicegeo/geojson-go/geojson/geometry.go:98.2,99.82 1 1
github.com/venicegeo/geojson-go/geojson/geometry.go:100.2,101.83 1 1
github.com/venicegeo/geojson-go/geojson/geometry.go:102.2,103.25 1 0
github.com/venicegeo/geojson-go/geojson/geometry.go:108.53,110.20 2 1
github.com/venicegeo/geojson-go/geojson/geometry.go:118.2,118.15 1 1
github.com/venicegeo/geojson-go/geojson/geometry.go:111.2,112.52 1 1
github.com/venicegeo/geojson-go/geojson/geometry.go:113.2,114.65 1 1
github.com/venicegeo/geojson-go/geojson/geometry.go:115.2,116.78 1 1
github.com/venicegeo/geojson-go/geojson/geometry.go:130.61,134.2 3 1
github.com/venicegeo/geojson-go/geojson/geometry.go:137.46,138.22 1 1
github.com/venicegeo/geojson-go/geojson/geometry.go:141.2,141.61 1 1
github.com/venicegeo/geojson-go/geojson/geometry.go:144.2,144.20 1 0
github.com/venicegeo/geojson-go/geojson/geometry.go:138.22,140.3 1 0
github.com/venicegeo/geojson-go/geojson/geometry.go:141.61,143.3 1 1
github.com/venicegeo/geojson-go/geojson/geometry.go:148.38,150.48 2 1
github.com/venicegeo/geojson-go/geojson/geometry.go:155.2,155.15 1 1
github.com/venicegeo/geojson-go/geojson/geometry.go:150.48,152.3 1 1
github.com/venicegeo/geojson-go/geojson/geometry.go:152.3,154.3 1 0
github.com/venicegeo/geojson-go/geojson/geometry.go:159.32,164.2 4 0
github.com/venicegeo/geojson-go/geojson/geometry.go:167.57,169.2 1 1
github.com/venicegeo/geojson-go/geojson/geometry.go:180.55,184.2 3 1
github.com/venicegeo/geojson-go/geojson/geometry.go:187.48,188.27 1 1
github.com/venicegeo/geojson-go/geojson/geometry.go:191.2,191.66 1 1
github.com/venicegeo/geojson-go/geojson/geometry.go:194.2,194.20 1 0
github.com/venicegeo/geojson-go/geojson/geometry.go:188.27,190.3 1 0
github.com/venicegeo/geojson-go/geojson/geometry.go:191.66,193.3 1 1
github.com/venicegeo/geojson-go/geojson/geometry.go:198.40,200.53 2 1
github.com/venicegeo/geojson-go/geojson/geometry.go:205.2,205.15 1 1
github.com/venicegeo/geojson-go/geojson/geometry.go:200.53,202.3 1 1
github.com/venicegeo/geojson-go/geojson/geometry.go:202.3,204.3 1 0
github.com/venicegeo/geojson-go/geojson/geometry.go:209.34,214.2 4 0
github.com/venicegeo/geojson-go/geojson/geometry.go:217.53,219.2 1 1
github.com/venicegeo/geojson-go/geojson/geometry.go:230.61,234.2 3 1
github.com/venicegeo/geojson-go/geojson/geometry.go:237.46,238.22 1 1
github.com/venicegeo/geojson-go/geojson/geometry.go:241.2,241.61 1 1
github.com/venicegeo/geojson-go/geojson/geometry.go:244.2,244.20 1 0
github.com/venicegeo/geojson-go/geojson/geometry.go:238.22,240.3 1 0
github.com/venicegeo/geojson-go/geojson/geometry.go:241.61,243.3 1 1
github.com/venicegeo/geojson-go/geojson/geometry.go:248.38,250.48 2 1
github.com/venicegeo/geojson-go/geojson/geometry.go:255.2,255.15 1 1
github.com/venicegeo/geojson-go/geojson/geometry.go:250.48,252.3 1 1
github.com/venicegeo/geojson-go/geojson/geometry.go:252.3,254.3 1 0
github.com/venicegeo/geojson-go/geojson/geometry.go:259.32,264.2 4 0
github.com/venicegeo/geojson-go/geojson/geometry.go:267.57,269.2 1 1
github.com/venicegeo/geojson-go/geojson/geometry.go:280.71,284.2 3 1
github.com/venicegeo/geojson-go/geojson/geometry.go:287.52,288.23 1 1
github.com/venicegeo/geojson-go/geojson/geometry.go:291.2,291.62 1 1
github.com/venicegeo/geojson-go/geojson/geometry.go:294.2,294.20 1 0
github.com/venicegeo/geojson-go/geojson/geometry.go:288.23,290.3 1 0
github.com/venicegeo/geojson-go/geojson/geometry.go:291.62,293.3 1 1
github.com/venicegeo/geojson-go/geojson/geometry.go:298.44,300.49 2 1
github.com/venicegeo/geojson-go/geojson/geometry.go:305.2,305.15 1 1
github.com/venicegeo/geojson-go/geojson/geometry.go:300.49,302.3 1 1
github.com/venicegeo/geojson-go/geojson/geometry.go:302.3,304.3 1 0
github.com/venicegeo/geojson-go/geojson/geometry.go:309.38,314.2 4 0
github.com/venicegeo/geojson-go/geojson/geometry.go:317.69,319.2 1 0
github.com/venicegeo/geojson-go/geojson/geometry.go:330.65,334.2 3 1
github.com/venicegeo/geojson-go/geojson/geometry.go:337.48,338.22 1 1
github.com/venicegeo/geojson-go/geojson/geometry.go:341.2,341.61 1 1
github.com/venicegeo/geojson-go/geojson/geometry.go:344.2,344.20 1 0
github.com/venicegeo/geojson-go/geojson/geometry.go:338.22,340.3 1 0
github.com/venicegeo/geojson-go/geojson/geometry.go:341.61,343.3 1 1
github.com/venicegeo/geojson-go/geojson/geometry.go:348.40,350.48 2 1
github.com/venicegeo/geojson-go/geojson/geometry.go:355.2,355.15 1 1
github.com/venicegeo/geojson-go/geojson/geometry.go:350.48,352.3 1 1
github.com/venicegeo/geojson-go/geojson/geometry.go:352.3,354.3 1 0
github.com/venicegeo/geojson-go/geojson/geometry.go:359.34,364.2 4 0
github.com/venicegeo/geojson-go/geojson/geometry.go:367.65,369.2 1 0
github.com/venicegeo/geojson-go/geojson/geometry.go:379.77,383.41 4 1
github.com/venicegeo/geojson-go/geojson/geometry.go:388.2,389.21 2 1
github.com/venicegeo/geojson-go/geojson/geometry.go:383.41,387.3 3 1
github.com/venicegeo/geojson-go/geojson/geometry.go:393.54,394.22 1 1
github.com/venicegeo/geojson-go/geojson/geometry.go:397.2,398.41 2 1
github.com/venicegeo/geojson-go/geojson/geometry.go:403.2,403.15 1 1
github.com/venicegeo/geojson-go/geojson/geometry.go:394.22,396.3 1 0
github.com/venicegeo/geojson-go/geojson/geometry.go:398.41,399.51 1 1
github.com/venicegeo/geojson-go/geojson/geometry.go:399.51,401.4 1 1
github.com/venicegeo/geojson-go/geojson/geometry.go:407.46,409.48 2 1
github.com/venicegeo/geojson-go/geojson/geometry.go:414.2,414.15 1 1
github.com/venicegeo/geojson-go/geojson/geometry.go:409.48,411.3 1 1
github.com/venicegeo/geojson-go/geojson/geometry.go:411.3,413.3 1 0
github.com/venicegeo/geojson-go/geojson/geometry.go:418.40,421.43 3 0
github.com/venicegeo/geojson-go/geojson/geometry.go:429.2,431.15 3 0
github.com/venicegeo/geojson-go/geojson/geometry.go:421.43,422.32 1 0
github.com/venicegeo/geojson-go/geojson/geometry.go:423.3,424.24 1 0
github.com/venicegeo/geojson-go/geojson/geometry.go:425.3,426.30 1 0
github.com/venicegeo/geojson-go/geojson/geometry.go:435.74,436.23 1 0
github.com/venicegeo/geojson-go/geojson/geometry.go:439.2,439.78 1 0
github.com/venicegeo/geojson-go/geojson/geometry.go:436.23,438.3 1 0
github.com/venicegeo/geojson-go/geojson/geometry.go:445.54,453.28 2 1
github.com/venicegeo/geojson-go/geojson/geometry.go:477.2,477.15 1 1
github.com/venicegeo/geojson-go/geojson/geometry.go:454.2,455.14 1 1
github.com/venicegeo/geojson-go/geojson/geometry.go:456.2,457.38 1 1
github.com/venicegeo/geojson-go/geojson/geometry.go:457.38,458.35 1 1
github.com/venicegeo/geojson-go/geojson/geometry.go:459.4,461.20 2 1
github.com/venicegeo/geojson-go/geojson/geometry.go:462.4,463.52 1 1
github.com/venicegeo/geojson-go/geojson/geometry.go:464.5,466.22 2 1
github.com/venicegeo/geojson-go/geojson/geometry.go:467.5,469.22 2 1
github.com/venicegeo/geojson-go/geojson/geometry.go:470.5,472.22 2 0
github.com/venicegeo/geojson-go/geojson/geometry.go:482.41,487.37 2 1
github.com/venicegeo/geojson-go/geojson/geometry.go:490.2,491.15 2 1
github.com/venicegeo/geojson-go/geojson/geometry.go:511.2,511.15 1 1
github.com/venicegeo/geojson-go/geojson/geometry.go:487.37,489.3 1 1
github.com/venicegeo/geojson-go/geojson/geometry.go:492.2,493.45 1 1
github.com/venicegeo/geojson-go/geojson/geometry.go:494.2,495.52 1 1
github.com/venicegeo/geojson-go/geojson/geometry.go:496.2,497.51 1 1
github.com/venicegeo/geojson-go/geojson/geometry.go:498.2,499.52 1 0
github.com/venicegeo/geojson-go/geojson/geometry.go:500.2,501.59 1 0
github.com/venicegeo/geojson-go/geojson/geometry.go:502.2,503.58 1 0
github.com/venicegeo/geojson-go/geojson/geometry.go:504.2,506.31 2 0
github.com/venicegeo/geojson-go/geojson/geometry.go:509.3,509.45 1 0
github.com/venicegeo/geojson-go/geojson/geometry.go:506.31,508.4 1 0
github.com/venicegeo/geojson-go/geojson/geometry.go:516.58,518.36 2 1
github.com/venicegeo/geojson-go/geojson/geometry.go:538.2,538.15 1 1
github.com/venicegeo/geojson-go/geojson/geometry.go:519.2,521.37 1 1
github.com/venicegeo/geojson-go/geojson/geometry.go:522.2,523.44 1 1
github.com/venicegeo/geojson-go/geojson/geometry.go:526.2,528.37 1 1
github.com/venicegeo/geojson-go/geojson/geometry.go:529.2,530.44 1 1
github.com/venicegeo/geojson-go/geojson/geometry.go:531.2,533.37 1 0
github.com/venicegeo/geojson-go/geojson/geometry.go:534.2,536.35 1 0
github.com/venicegeo/geojson-go/geojson/geometry.go:523.44,525.4 1 1
github.com/venicegeo/geojson-go/geojson/geometry.go:542.36,547.14 4 1
github.com/venicegeo/geojson-go/geojson/geometry.go:572.2,572.12 1 0
github.com/venicegeo/geojson-go/geojson/geometry.go:548.2,549.46 1 1
github.com/venicegeo/geojson-go/geojson/geometry.go:552.3,552.23 1 0
github.com/venicegeo/geojson-go/geojson/geometry.go:553.2,554.50 1 1
github.com/venicegeo/geojson-go/geojson/geometry.go:557.3,557.25 1 0
github.com/venicegeo/geojson-go/geojson/geometry.go:558.2,559.48 1 1
github.com/venicegeo/geojson-go/geojson/geometry.go:562.3,562.28 1 0
github.com/venicegeo/geojson-go/geojson/geometry.go:563.2,564.34 1 1
github.com/venicegeo/geojson-go/geojson/geometry.go:549.46,551.4 1 1
github.com/venicegeo/geojson-go/geojson/geometry.go:554.50,556.4 1 1
github.com/venicegeo/geojson-go/geojson/geometry.go:559.48,561.4 1 1
github.com/venicegeo/geojson-go/geojson/geometry.go:565.3,566.29 1 1
github.com/venicegeo/geojson-go/geojson/geometry.go:567.3,569.29 2 0
github.com/venicegeo/geojson-go/geojson/geometry.go:575.50,578.29 2 1
github.com/venicegeo/geojson-go/geojson/geometry.go:614.2,614.12 1 0
github.com/venicegeo/geojson-go/geojson/geometry.go:579.2,582.53 3 1
github.com/venicegeo/geojson-go/geojson/geometry.go:596.3,596.21 1 1
github.com/venicegeo/geojson-go/geojson/geometry.go:601.2,602.39 1 1
github.com/venicegeo/geojson-go/geojson/geometry.go:582.53,584.37 1 1
github.com/venicegeo/geojson-go/geojson/geometry.go:584.37,586.35 2 1
github.com/venicegeo/geojson-go/geojson/geometry.go:587.5,588.37 1 1
github.com/venicegeo/geojson-go/geojson/geometry.go:589.5,590.37 1 1
github.com/venicegeo/geojson-go/geojson/geometry.go:596.21,598.4 1 1
github.com/venicegeo/geojson-go/geojson/geometry.go:598.4,598.28 1 1
github.com/venicegeo/geojson-go/geojson/geometry.go:598.28,600.4 1 1
github.com/venicegeo/geojson-go/geojson/geometry.go:603.3,605.40 2 1
github.com/venicegeo/geojson-go/geojson/geometry.go:606.3,608.54 2 1
github.com/venicegeo/geojson-go/geojson/geometry.go:611.4,611.17 1 1
github.com/venicegeo/geojson-go/geojson/geometry.go:608.54,610.5 1 1
github.com/venicegeo/geojson-go/geojson/geometry.go:617.50,619.49 2 1
github.com/venicegeo/geojson-go/geojson/geometry.go:623.2,623.15 1 1
github.com/venicegeo/geojson-go/geojson/geometry.go:619.49,622.3 2 1
github.com/venicegeo/geojson-go/geojson/wfs.go:31.70,51.66 10 1
github.com/venicegeo/geojson-go/geojson/wfs.go:54.2,54.64 1 1
github.com/venicegeo/geojson-go/geojson/wfs.go:58.2,62.60 3 1
github.com/venicegeo/geojson-go/geojson/wfs.go:67.2,68.49 2 1
github.com/venicegeo/geojson-go/geojson/wfs.go:71.2,71.101 1 0
github.com/venicegeo/geojson-go/geojson/wfs.go:51.66,53.3 1 0
github.com/venicegeo/geojson-go/geojson/wfs.go:54.64,56.3 1 0
github.com/venicegeo/geojson-go/geojson/wfs.go:62.60,65.3 2 1
github.com/venicegeo/geojson-go/geojson/wfs.go:68.49,70.3 1 1
