mode: set
github.com/venicegeo/geojson-go/geojson/bbox.go:38.61,45.35 2 1
github.com/venicegeo/geojson-go/geojson/bbox.go:98.2,98.31 1 1
github.com/venicegeo/geojson-go/geojson/bbox.go:46.2,47.35 1 1
github.com/venicegeo/geojson-go/geojson/bbox.go:54.2,55.22 1 1
github.com/venicegeo/geojson-go/geojson/bbox.go:58.2,59.25 1 1
github.com/venicegeo/geojson-go/geojson/bbox.go:68.2,69.34 1 1
github.com/venicegeo/geojson-go/geojson/bbox.go:76.2,77.34 1 1
github.com/venicegeo/geojson-go/geojson/bbox.go:84.2,85.34 1 1
github.com/venicegeo/geojson-go/geojson/bbox.go:92.2,93.34 1 1
github.com/venicegeo/geojson-go/geojson/bbox.go:47.35,48.67 1 1
github.com/venicegeo/geojson-go/geojson/bbox.go:48.67,50.5 1 1
github.com/venicegeo/geojson-go/geojson/bbox.go:50.5,52.5 1 1
github.com/venicegeo/geojson-go/geojson/bbox.go:55.22,57.4 1 1
github.com/venicegeo/geojson-go/geojson/bbox.go:60.3,60.13 0 0
github.com/venicegeo/geojson-go/geojson/bbox.go:62.3,63.47 1 1
github.com/venicegeo/geojson-go/geojson/bbox.go:65.3,66.54 1 1
github.com/venicegeo/geojson-go/geojson/bbox.go:69.34,70.53 1 1
github.com/venicegeo/geojson-go/geojson/bbox.go:70.53,72.5 1 1
github.com/venicegeo/geojson-go/geojson/bbox.go:72.5,74.5 1 0
github.com/venicegeo/geojson-go/geojson/bbox.go:77.34,78.53 1 1
github.com/venicegeo/geojson-go/geojson/bbox.go:78.53,80.5 1 1
github.com/venicegeo/geojson-go/geojson/bbox.go:80.5,82.5 1 0
github.com/venicegeo/geojson-go/geojson/bbox.go:85.34,86.53 1 1
github.com/venicegeo/geojson-go/geojson/bbox.go:86.53,88.5 1 1
github.com/venicegeo/geojson-go/geojson/bbox.go:88.5,90.5 1 0
github.com/venicegeo/geojson-go/geojson/bbox.go:93.34,95.4 1 1
github.com/venicegeo/geojson-go/geojson/bbox.go:101.57,103.17 2 1
github.com/venicegeo/geojson-go/geojson/bbox.go:107.2,107.27 1 1
github.com/venicegeo/geojson-go/geojson/bbox.go:112.2,112.53 1 1
github.com/venicegeo/geojson-go/geojson/bbox.go:126.2,126.38 1 1
github.com/venicegeo/geojson-go/geojson/bbox.go:132.2,132.47 1 1
github.com/venicegeo/geojson-go/geojson/bbox.go:137.2,137.14 1 1
github.com/venicegeo/geojson-go/geojson/bbox.go:103.17,105.3 1 1
github.com/venicegeo/geojson-go/geojson/bbox.go:107.27,109.3 1 0
github.com/venicegeo/geojson-go/geojson/bbox.go:112.53,114.3 1 1
github.com/venicegeo/geojson-go/geojson/bbox.go:114.3,114.60 1 1
github.com/venicegeo/geojson-go/geojson/bbox.go:114.60,116.3 1 1
github.com/venicegeo/geojson-go/geojson/bbox.go:116.3,117.27 1 1
github.com/venicegeo/geojson-go/geojson/bbox.go:120.3,120.41 1 1
github.com/venicegeo/geojson-go/geojson/bbox.go:117.27,119.4 1 1
github.com/venicegeo/geojson-go/geojson/bbox.go:120.41,122.4 1 1
github.com/venicegeo/geojson-go/geojson/bbox.go:126.38,127.31 1 1
github.com/venicegeo/geojson-go/geojson/bbox.go:127.31,129.4 1 1
github.com/venicegeo/geojson-go/geojson/bbox.go:132.47,133.31 1 1
github.com/venicegeo/geojson-go/geojson/bbox.go:133.31,135.4 1 1
github.com/venicegeo/geojson-go/geojson/bbox.go:141.53,144.36 3 1
github.com/venicegeo/geojson-go/geojson/bbox.go:147.2,147.58 1 1
github.com/venicegeo/geojson-go/geojson/bbox.go:150.2,150.35 1 1
github.com/venicegeo/geojson-go/geojson/bbox.go:155.2,155.13 1 1
github.com/venicegeo/geojson-go/geojson/bbox.go:144.36,146.3 1 0
github.com/venicegeo/geojson-go/geojson/bbox.go:147.58,149.3 1 0
github.com/venicegeo/geojson-go/geojson/bbox.go:150.35,151.27 1 1
github.com/venicegeo/geojson-go/geojson/bbox.go:151.27,153.4 1 0
github.com/venicegeo/geojson-go/geojson/bbox.go:160.55,164.58 3 1
github.com/venicegeo/geojson-go/geojson/bbox.go:167.2,169.46 3 1
github.com/venicegeo/geojson-go/geojson/bbox.go:180.2,181.22 2 1
github.com/venicegeo/geojson-go/geojson/bbox.go:184.2,184.15 1 1
github.com/venicegeo/geojson-go/geojson/bbox.go:164.58,166.3 1 0
github.com/venicegeo/geojson-go/geojson/bbox.go:169.46,171.3 0 0
github.com/venicegeo/geojson-go/geojson/bbox.go:171.3,171.30 1 1
github.com/venicegeo/geojson-go/geojson/bbox.go:171.30,174.3 1 1
github.com/venicegeo/geojson-go/geojson/bbox.go:174.3,174.32 1 1
github.com/venicegeo/geojson-go/geojson/bbox.go:174.32,177.3 1 1
github.com/venicegeo/geojson-go/geojson/bbox.go:177.3,179.3 1 0
github.com/venicegeo/geojson-go/geojson/bbox.go:181.22,183.3 1 0
github.com/venicegeo/geojson-go/geojson/bbox.go:188.39,190.17 2 1
github.com/venicegeo/geojson-go/geojson/bbox.go:204.2,204.15 1 1
github.com/venicegeo/geojson-go/geojson/bbox.go:191.2,195.42 1 0
github.com/venicegeo/geojson-go/geojson/bbox.go:196.2,202.42 1 0
github.com/venicegeo/geojson-go/geojson/bbox.go:209.37,210.17 1 1
github.com/venicegeo/geojson-go/geojson/bbox.go:224.2,224.64 1 1
github.com/venicegeo/geojson-go/geojson/bbox.go:211.2,212.13 1 1
github.com/venicegeo/geojson-go/geojson/bbox.go:213.2,214.20 1 1
github.com/venicegeo/geojson-go/geojson/bbox.go:217.3,217.13 1 1
github.com/venicegeo/geojson-go/geojson/bbox.go:218.2,219.37 1 1
github.com/venicegeo/geojson-go/geojson/bbox.go:222.3,222.13 1 1
github.com/venicegeo/geojson-go/geojson/bbox.go:214.20,216.4 1 0
github.com/venicegeo/geojson-go/geojson/bbox.go:219.37,221.4 1 1
github.com/venicegeo/geojson-go/geojson/bbox.go:228.43,229.23 1 1
github.com/venicegeo/geojson-go/geojson/bbox.go:232.2,232.17 1 1
github.com/venicegeo/geojson-go/geojson/bbox.go:243.2,243.14 1 1
github.com/venicegeo/geojson-go/geojson/bbox.go:229.23,231.3 1 0
github.com/venicegeo/geojson-go/geojson/bbox.go:233.2,233.9 0 0
github.com/venicegeo/geojson-go/geojson/bbox.go:234.2,235.20 1 1
github.com/venicegeo/geojson-go/geojson/bbox.go:238.2,239.20 1 1
github.com/venicegeo/geojson-go/geojson/bbox.go:235.20,237.4 1 1
github.com/venicegeo/geojson-go/geojson/bbox.go:239.20,241.4 1 1
github.com/venicegeo/geojson-go/geojson/bbox.go:248.41,250.23 2 1
github.com/venicegeo/geojson-go/geojson/bbox.go:266.2,266.15 1 1
github.com/venicegeo/geojson-go/geojson/bbox.go:250.23,251.18 1 1
github.com/venicegeo/geojson-go/geojson/bbox.go:252.3,252.10 0 1
github.com/venicegeo/geojson-go/geojson/bbox.go:253.3,257.38 4 1
github.com/venicegeo/geojson-go/geojson/bbox.go:258.3,263.38 5 0
github.com/venicegeo/geojson-go/geojson/feature.go:46.55,48.55 2 1
github.com/venicegeo/geojson-go/geojson/feature.go:51.2,52.21 2 1
github.com/venicegeo/geojson-go/geojson/feature.go:48.55,50.3 1 0
github.com/venicegeo/geojson-go/geojson/feature.go:56.49,57.27 1 1
github.com/venicegeo/geojson-go/geojson/feature.go:60.2,60.58 1 1
github.com/venicegeo/geojson-go/geojson/feature.go:64.2,65.22 2 0
github.com/venicegeo/geojson-go/geojson/feature.go:57.27,59.3 1 1
github.com/venicegeo/geojson-go/geojson/feature.go:60.58,62.3 1 1
github.com/venicegeo/geojson-go/geojson/feature.go:69.41,71.53 2 1
github.com/venicegeo/geojson-go/geojson/feature.go:76.2,76.15 1 1
github.com/venicegeo/geojson-go/geojson/feature.go:71.53,73.3 1 1
github.com/venicegeo/geojson-go/geojson/feature.go:73.3,75.3 1 0
github.com/venicegeo/geojson-go/geojson/feature.go:80.40,81.23 1 0
github.com/venicegeo/geojson-go/geojson/feature.go:84.2,84.38 1 0
github.com/venicegeo/geojson-go/geojson/feature.go:81.23,83.3 1 0
github.com/venicegeo/geojson-go/geojson/feature.go:89.54,91.39 2 1
github.com/venicegeo/geojson-go/geojson/feature.go:99.2,102.15 4 1
github.com/venicegeo/geojson-go/geojson/feature.go:92.2,93.30 1 1
github.com/venicegeo/geojson-go/geojson/feature.go:94.2,95.24 1 0
github.com/venicegeo/geojson-go/geojson/feature.go:96.2,97.25 1 0
github.com/venicegeo/geojson-go/geojson/feature.go:107.99,108.23 1 1
github.com/venicegeo/geojson-go/geojson/feature.go:111.2,111.84 1 1
github.com/venicegeo/geojson-go/geojson/feature.go:108.23,110.3 1 1
github.com/venicegeo/geojson-go/geojson/feature.go:116.43,118.2 1 1
github.com/venicegeo/geojson-go/geojson/feature.go:120.42,122.31 2 1
github.com/venicegeo/geojson-go/geojson/feature.go:136.2,136.15 1 1
github.com/venicegeo/geojson-go/geojson/feature.go:123.2,124.17 1 1
github.com/venicegeo/geojson-go/geojson/feature.go:125.2,126.26 1 0
github.com/venicegeo/geojson-go/geojson/feature.go:127.2,128.35 1 1
github.com/venicegeo/geojson-go/geojson/feature.go:129.2,130.37 1 0
github.com/venicegeo/geojson-go/geojson/feature.go:131.2,132.40 1 1
github.com/venicegeo/geojson-go/geojson/feature.go:133.2,134.51 1 1
github.com/venicegeo/geojson-go/geojson/feature.go:141.68,143.58 2 1
github.com/venicegeo/geojson-go/geojson/feature.go:146.2,146.15 1 0
github.com/venicegeo/geojson-go/geojson/feature.go:143.58,145.3 1 1
github.com/venicegeo/geojson-go/geojson/feature.go:149.36,152.31 2 1
github.com/venicegeo/geojson-go/geojson/feature.go:167.2,167.15 1 1
github.com/venicegeo/geojson-go/geojson/feature.go:153.2,154.17 1 1
github.com/venicegeo/geojson-go/geojson/feature.go:155.2,157.26 2 1
github.com/venicegeo/geojson-go/geojson/feature.go:158.2,159.34 1 0
github.com/venicegeo/geojson-go/geojson/feature.go:160.2,161.30 1 1
github.com/venicegeo/geojson-go/geojson/feature.go:162.2,163.30 1 0
github.com/venicegeo/geojson-go/geojson/feature.go:164.2,165.30 1 1
github.com/venicegeo/geojson-go/geojson/feature.go:172.62,174.58 2 1
github.com/venicegeo/geojson-go/geojson/feature.go:177.2,177.15 1 1
github.com/venicegeo/geojson-go/geojson/feature.go:174.58,176.3 1 1
github.com/venicegeo/geojson-go/geojson/feature.go:182.75,184.58 2 1
github.com/venicegeo/geojson-go/geojson/feature.go:196.2,196.15 1 1
github.com/venicegeo/geojson-go/geojson/feature.go:184.58,185.35 1 1
github.com/venicegeo/geojson-go/geojson/feature.go:186.3,187.18 1 0
github.com/venicegeo/geojson-go/geojson/feature.go:188.3,189.31 1 0
github.com/venicegeo/geojson-go/geojson/feature.go:189.31,190.44 1 0
github.com/venicegeo/geojson-go/geojson/feature.go:190.44,192.6 1 0
github.com/venicegeo/geojson-go/geojson/feature.go:199.42,202.31 2 1
github.com/venicegeo/geojson-go/geojson/feature.go:218.2,218.15 1 1
github.com/venicegeo/geojson-go/geojson/feature.go:203.2,204.17 1 1
github.com/venicegeo/geojson-go/geojson/feature.go:205.2,206.68 1 1
github.com/venicegeo/geojson-go/geojson/feature.go:209.2,210.36 1 0
github.com/venicegeo/geojson-go/geojson/feature.go:211.2,212.36 1 1
github.com/venicegeo/geojson-go/geojson/feature.go:213.2,214.36 1 0
github.com/venicegeo/geojson-go/geojson/feature.go:215.2,216.36 1 1
github.com/venicegeo/geojson-go/geojson/feature.go:206.68,208.4 1 0
github.com/venicegeo/geojson-go/geojson/feature.go:223.68,225.58 2 1
github.com/venicegeo/geojson-go/geojson/feature.go:228.2,228.15 1 1
github.com/venicegeo/geojson-go/geojson/feature.go:225.58,227.3 1 1
github.com/venicegeo/geojson-go/geojson/feature.go:233.60,238.48 2 1
github.com/venicegeo/geojson-go/geojson/feature.go:258.2,258.12 1 0
github.com/venicegeo/geojson-go/geojson/feature.go:238.48,239.61 1 1
github.com/venicegeo/geojson-go/geojson/feature.go:242.3,245.37 4 1
github.com/venicegeo/geojson-go/geojson/feature.go:248.3,248.30 1 1
github.com/venicegeo/geojson-go/geojson/feature.go:256.3,256.17 1 1
github.com/venicegeo/geojson-go/geojson/feature.go:239.61,241.4 1 1
github.com/venicegeo/geojson-go/geojson/feature.go:245.37,247.4 1 0
github.com/venicegeo/geojson-go/geojson/feature.go:248.30,249.31 1 1
github.com/venicegeo/geojson-go/geojson/feature.go:250.4,251.23 1 1
github.com/venicegeo/geojson-go/geojson/feature.go:252.4,253.53 1 0
github.com/venicegeo/geojson-go/geojson/feature_collection.go:39.75,41.55 2 1
github.com/venicegeo/geojson-go/geojson/feature_collection.go:44.2,44.42 1 1
github.com/venicegeo/geojson-go/geojson/feature_collection.go:47.2,47.21 1 1
github.com/venicegeo/geojson-go/geojson/feature_collection.go:41.55,43.3 1 0
github.com/venicegeo/geojson-go/geojson/feature_collection.go:44.42,46.3 1 1
github.com/venicegeo/geojson-go/geojson/feature_collection.go:51.54,52.22 1 1
github.com/venicegeo/geojson-go/geojson/feature_collection.go:55.2,56.38 2 1
github.com/venicegeo/geojson-go/geojson/feature_collection.go:59.2,59.15 1 1
github.com/venicegeo/geojson-go/geojson/feature_collection.go:52.22,54.3 1 0
github.com/venicegeo/geojson-go/geojson/feature_collection.go:56.38,58.3 1 1
github.com/venicegeo/geojson-go/geojson/feature_collection.go:63.67,64.21 1 1
github.com/venicegeo/geojson-go/geojson/feature_collection.go:67.2,67.72 1 1
github.com/venicegeo/geojson-go/geojson/feature_collection.go:64.21,66.3 1 1
github.com/venicegeo/geojson-go/geojson/feature_collection.go:71.46,73.48 2 1
github.com/venicegeo/geojson-go/geojson/feature_collection.go:78.2,78.15 1 1
github.com/venicegeo/geojson-go/geojson/feature_collection.go:73.48,75.3 1 1
github.com/venicegeo/geojson-go/geojson/feature_collection.go:75.3,77.3 1 0
github.com/venicegeo/geojson-go/geojson/feature_collection.go:83.59,87.40 4 1
github.com/venicegeo/geojson-go/geojson/feature_collection.go:91.2,93.15 3 1
github.com/venicegeo/geojson-go/geojson/feature_collection.go:87.40,89.3 1 1
github.com/venicegeo/geojson-go/geojson/feature_collection.go:98.80,102.34 4 1
github.com/venicegeo/geojson-go/geojson/feature_collection.go:112.2,112.36 1 1
github.com/venicegeo/geojson-go/geojson/feature_collection.go:115.2,115.15 1 1
github.com/venicegeo/geojson-go/geojson/feature_collection.go:103.2,104.33 1 1
github.com/venicegeo/geojson-go/geojson/feature_collection.go:110.2,110.32 0 0
github.com/venicegeo/geojson-go/geojson/feature_collection.go:104.33,105.65 1 1
github.com/venicegeo/geojson-go/geojson/feature_collection.go:105.65,108.5 2 1
github.com/venicegeo/geojson-go/geojson/feature_collection.go:112.36,114.3 1 1
github.com/venicegeo/geojson-go/geojson/feature_collection.go:120.47,124.38 2 1
github.com/venicegeo/geojson-go/geojson/feature_collection.go:133.2,133.38 1 1
github.com/venicegeo/geojson-go/geojson/feature_collection.go:124.38,125.39 1 1
github.com/venicegeo/geojson-go/geojson/feature_collection.go:125.39,126.37 1 1
github.com/venicegeo/geojson-go/geojson/feature_collection.go:126.37,128.5 1 1
github.com/venicegeo/geojson-go/geojson/feature_collection.go:133.38,134.31 1 1
github.com/venicegeo/geojson-go/geojson/feature_collection.go:134.31,135.45 1 1
github.com/venicegeo/geojson-go/geojson/feature_collection.go:135.45,137.5 1 1
github.com/venicegeo/geojson-go/geojson/geojson.go:31.47,37.50 2 1
github.com/venicegeo/geojson-go/geojson/geojson.go:40.2,40.18 1 1
github.com/venicegeo/geojson-go/geojson/geojson.go:60.2,60.20 1 1
github.com/venicegeo/geojson-go/geojson/geojson.go:37.50,39.3 1 0
github.com/venicegeo/geojson-go/geojson/geojson.go:41.2,42.38 1 1
github.com/venicegeo/geojson-go/geojson/geojson.go:43.2,44.43 1 1
github.com/venicegeo/geojson-go/geojson/geojson.go:45.2,46.40 1 1
github.com/venicegeo/geojson-go/geojson/geojson.go:47.2,48.43 1 1
github.com/venicegeo/geojson-go/geojson/geojson.go:49.2,50.48 1 1
github.com/venicegeo/geojson-go/geojson/geojson.go:51.2,52.45 1 1
github.com/venicegeo/geojson-go/geojson/geojson.go:53.2,54.51 1 1
github.com/venicegeo/geojson-go/geojson/geojson.go:55.2,56.40 1 1
github.com/venicegeo/geojson-go/geojson/geojson.go:57.2,58.50 1 1
github.com/venicegeo/geojson-go/geojson/geojson.go:64.54,69.56 2 1
github.com/venicegeo/geojson-go/geojson/geojson.go:72.2,72.21 1 1
github.com/venicegeo/geojson-go/geojson/geojson.go:69.56,71.3 1 0
github.com/venicegeo/geojson-go/geojson/geojson.go:77.56,83.37 2 1
github.com/venicegeo/geojson-go/geojson/geojson.go:94.2,94.12 1 0
github.com/venicegeo/geojson-go/geojson/geojson.go:83.37,84.27 1 1
github.com/venicegeo/geojson-go/geojson/geojson.go:85.3,86.32 1 1
github.com/venicegeo/geojson-go/geojson/geojson.go:87.3,88.42 1 1
github.com/venicegeo/geojson-go/geojson/geojson.go:89.3,90.29 1 1
github.com/venicegeo/geojson-go/geojson/geojson.go:98.47,100.2 1 1
github.com/venicegeo/geojson-go/geojson/geojson.go:103.58,108.43 2 1
github.com/venicegeo/geojson-go/geojson/geojson.go:111.2,111.48 1 1
github.com/venicegeo/geojson-go/geojson/geojson.go:108.43,110.3 1 0
github.com/venicegeo/geojson-go/geojson/geometry.go:48.51,52.2 3 1
github.com/venicegeo/geojson-go/geojson/geometry.go:55.44,56.25 1 1
github.com/venicegeo/geojson-go/geojson/geometry.go:59.2,59.64 1 1
github.com/venicegeo/geojson-go/geojson/geometry.go:62.2,62.20 1 0
github.com/venicegeo/geojson-go/geojson/geometry.go:56.25,58.3 1 0
github.com/venicegeo/geojson-go/geojson/geometry.go:59.64,61.3 1 1
github.com/venicegeo/geojson-go/geojson/geometry.go:66.36,68.51 2 1
github.com/venicegeo/geojson-go/geojson/geometry.go:73.2,73.15 1 1
github.com/venicegeo/geojson-go/geojson/geometry.go:68.51,70.3 1 1
github.com/venicegeo/geojson-go/geojson/geometry.go:70.3,72.3 1 0
github.com/venicegeo/geojson-go/geojson/geometry.go:77.49,82.2 4 1
github.com/venicegeo/geojson-go/geojson/geometry.go:85.45,86.26 1 1
github.com/venicegeo/geojson-go/geojson/geometry.go:89.2,89.12 1 0
github.com/venicegeo/geojson-go/geojson/geometry.go:86.26,88.3 1 1
github.com/venicegeo/geojson-go/geojson/geometry.go:93.33,95.32 2 1
github.com/venicegeo/geojson-go/geojson/geometry.go:105.2,105.15 1 1
github.com/venicegeo/geojson-go/geojson/geometry.go:96.2,97.80 1 1
github.com/venicegeo/geojson-go/geojson/geometry.go:98.2,99.82 1 1
github.com/venicegeo/geojson-go/geojson/geometry.go:100.2,101.83 1 1
github.com/venicegeo/geojson-go/geojson/geometry.go:102.2,103.25 1 0
github.com/venicegeo/geojson-go/geojson/geometry.go:108.53,110.20 2 1
github.com/venicegeo/geojson-go/geojson/geometry.go:118.2,118.15 1 1
github.com/venicegeo/geojson-go/geojson/geometry.go:111.2,112.52 1 1
github.com/venicegeo/geojson-go/geojson/geometry.go:113.2,114.65 1 1
github.com/venicegeo/geojson-go/geojson/geometry.go:115.2,116.78 1 1
github.com/venicegeo/geojson-go/geojson/geometry.go:130.61,134.2 3 1
github.com/venicegeo/geojson-go/geojson/geometry.go:137.46,138.22 1 1
github.com/venicegeo/geojson-go/geojson/geometry.go:141.2,141.61 1 1
github.com/venicegeo/geojson-go/geojson/geometry.go:144.2,144.20 1 0
github.com/venicegeo/geojson-go/geojson/geometry.go:138.22,140.3 1 0
github.com/venicegeo/geojson-go/geojson/geometry.go:141.61,143.3 1 1
github.com/venicegeo/geojson-go/geojson/geometry.go:148.38,150.48 2 1
github.com/venicegeo/geojson-go/geojson/geometry.go:155.2,155.15 1 1
github.com/venicegeo/geojson-go/geojson/geometry.go:150.48,152.3 1 1
github.com/venicegeo/geojson-go/geojson/geometry.go:152.3,154.3 1 0
github.com/venicegeo/geojson-go/geojson/geometry.go:159.51,164.2 4 1
github.com/venicegeo/geojson-go/geojson/geometry.go:167.57,169.2 1 1
github.com/venicegeo/geojson-go/geojson/geometry.go:180.55,184.2 3 1
github.com/venicegeo/geojson-go/geojson/geometry.go:187.48,188.27 1 1
github.com/venicegeo/geojson-go/geojson/geometry.go:191.2,191.66 1 1
github.com/venicegeo/geojson-go/geojson/geometry.go:194.2,194.20 1 0
github.com/venicegeo/geojson-go/geojson/geometry.go:188.27,190.3 1 0
github.com/venicegeo/geojson-go/geojson/geometry.go:191.66,193.3 1 1
github.com/venicegeo/geojson-go/geojson/geometry.go:198.40,200.53 2 1
github.com/venicegeo/geojson-go/geojson/geometry.go:205.2,205.15 1 1
github.com/venicegeo/geojson-go/geojson/geometry.go:200.53,202.3 1 1
github.com/venicegeo/geojson-go/geojson/geometry.go:202.3,204.3 1 0
github.com/venicegeo/geojson-go/geojson/geometry.go:209.53,214.2 4 1
github.com/venicegeo/geojson-go/geojson/geometry.go:217.53,219.2 1 1
github.com/venicegeo/geojson-go/geojson/geometry.go:230.61,234.2 3 1
github.com/venicegeo/geojson-go/geojson/geometry.go:237.46,238.22 1 1
github.com/venicegeo/geojson-go/geojson/geometry.go:241.2,241.61 1 1
github.com/venicegeo/geojson-go/geojson/geometry.go:244.2,244.20 1 0
github.com/venicegeo/geojson-go/geojson/geometry.go:238.22,240.3 1 0
github.com/venicegeo/geojson-go/geojson/geometry.go:241.61,243.3 1 1
github.com/venicegeo/geojson-go/geojson/geometry.go:248.38,250.48 2 1
github.com/venicegeo/geojson-go/geojson/geometry.go:255.2,255.15 1 1
github.com/venicegeo/geojson-go/geojson/geometry.go:250.48,252.3 1 1
github.com/venicegeo/geojson-go/geojson/geometry.go:252.3,254.3 1 0
github.com/venicegeo/geojson-go/geojson/geometry.go:259.51,264.2 4 0
github.com/venicegeo/geojson-go/geojson/geometry.go:267.57,269.2 1 1
github.com/venicegeo/geojson-go/geojson/geometry.go:280.71,284.2 3 1
github.com/venicegeo/geojson-go/geojson/geometry.go:287.52,288.23 1 1
github.com/venicegeo/geojson-go/geojson/geometry.go:291.2,291.62 1 1
github.com/venicegeo/geojson-go/geojson/geometry.go:294.2,294.20 1 0
github.com/venicegeo/geojson-go/geojson/geometry.go:288.23,290.3 1 0
github.com/venicegeo/geojson-go/geojson/geometry.go:291.62,293.3 1 1
github.com/venicegeo/geojson-go/geojson/geometry.go:298.44,300.49 2 1
github.com/venicegeo/geojson-go/geojson/geometry.go:305.2,305.15 1 1
github.com/venicegeo/geojson-go/geojson/geometry.go:300.49,302.3 1 1
github.com/venicegeo/geojson-go/geojson/geometry.go:302.3,304.3 1 0
github.com/venicegeo/geojson-go/geojson/geometry.go:309.57,314.2 4 0
github.com/venicegeo/geojson-go/geojson/geometry.go:317.69,319.2 1 0
github.com/venicegeo/geojson-go/geojson/geometry.go:330.65,334.2 3 1
github.com/venicegeo/geojson-go/geojson/geometry.go:337.48,338.22 1 1
github.com/venicegeo/geojson-go/geojson/geometry.go:341.2,341.61 1 1
github.com/venicegeo/geojson-go/geojson/geometry.go:344.2,344.20 1 0
github.com/venicegeo/geojson-go/geojson/geometry.go:338.22,340.3 1 0
github.com/venicegeo/geojson-go/geojson/geometry.go:341.61,343.3 1 1
github.com/venicegeo/geojson-go/geojson/geometry.go:348.40,350.48 2 1
github.com/venicegeo/geojson-go/geojson/geometry.go:355.2,355.15 1 1
github.com/venicegeo/geojson-go/geojson/geometry.go:350.48,352.3 1 1
github.com/venicegeo/geojson-go/geojson/geometry.go:352.3,354.3 1 0
github.com/venicegeo/geojson-go/geojson/geometry.go:359.53,364.2 4 0
github.com/venicegeo/geojson-go/geojson/geometry.go:367.65,369.2 1 1
github.com/venicegeo/geojson-go/geojson/geometry.go:379.77,383.41 4 1
github.com/venicegeo/geojson-go/geojson/geometry.go:388.2,389.21 2 1
github.com/venicegeo/geojson-go/geojson/geometry.go:383.41,387.3 3 1
github.com/venicegeo/geojson-go/geojson/geometry.go:393.54,394.22 1 1
github.com/venicegeo/geojson-go/geojson/geometry.go:397.2,398.41 2 1
github.com/venicegeo/geojson-go/geojson/geometry.go:403.2,403.15 1 1
github.com/venicegeo/geojson-go/geojson/geometry.go:394.22,396.3 1 0
github.com/venicegeo/geojson-go/geojson/geometry.go:398.41,399.51 1 1
github.com/venicegeo/geojson-go/geojson/geometry.go:399.51,401.4 1 1
github.com/venicegeo/geojson-go/geojson/geometry.go:407.46,409.48 2 1
github.com/venicegeo/geojson-go/geojson/geometry.go:414.2,414.15 1 1
github.com/venicegeo/geojson-go/geojson/geometry.go:409.48,411.3 1 1
github.com/venicegeo/geojson-go/geojson/geometry.go:411.3,413.3 1 0
github.com/venicegeo/geojson-go/geojson/geometry.go:418.59,421.43 3 0
github.com/venicegeo/geojson-go/geojson/geometry.go:429.2,431.15 3 0
github.com/venicegeo/geojson-go/geojson/geometry.go:421.43,422.32 1 0
github.com/venicegeo/geojson-go/geojson/geometry.go:423.3,424.24 1 0
github.com/venicegeo/geojson-go/geojson/geometry.go:425.3,426.30 1 0
github.com/venicegeo/geojson-go/geojson/geometry.go:435.74,436.23 1 1
github.com/venicegeo/geojson-go/geojson/geometry.go:439.2,439.78 1 1
github.com/venicegeo/geojson-go/geojson/geometry.go:436.23,438.3 1 0
github.com/venicegeo/geojson-go/geojson/geometry.go:445.54,453.28 2 1
github.com/venicegeo/geojson-go/geojson/geometry.go:477.2,477.15 1 1
github.com/venicegeo/geojson-go/geojson/geometry.go:454.2,455.14 1 1
github.com/venicegeo/geojson-go/geojson/geometry.go:456.2,457.38 1 1
github.com/venicegeo/geojson-go/geojson/geometry.go:457.38,458.35 1 1
github.com/venicegeo/geojson-go/geojson/geometry.go:459.4,461.20 2 1
github.com/venicegeo/geojson-go/geojson/geometry.go:462.4,463.52 1 1
github.com/venicegeo/geojson-go/geojson/geometry.go:464.5,466.22 2 1
github.com/venicegeo/geojson-go/geojson/geometry.go:467.5,469.22 2 1
github.com/venicegeo/geojson-go/geojson/geometry.go:470.5,472.22 2 1
github.com/venicegeo/geojson-go/geojson/geometry.go:482.49,487.28 2 1
github.com/venicegeo/geojson-go/geojson/geometry.go:516.2,516.15 1 1
github.com/venicegeo/geojson-go/geojson/geometry.go:488.2,489.35 1 1
github.com/venicegeo/geojson-go/geojson/geometry.go:492.3,493.16 2 1
github.com/venicegeo/geojson-go/geojson/geometry.go:513.2,514.14 1 1
github.com/venicegeo/geojson-go/geojson/geometry.go:489.35,491.4 1 1
github.com/venicegeo/geojson-go/geojson/geometry.go:494.3,495.46 1 1
github.com/venicegeo/geojson-go/geojson/geometry.go:496.3,497.53 1 1
github.com/venicegeo/geojson-go/geojson/geometry.go:498.3,499.52 1 1
github.com/venicegeo/geojson-go/geojson/geometry.go:500.3,501.53 1 0
github.com/venicegeo/geojson-go/geojson/geometry.go:502.3,503.60 1 0
github.com/venicegeo/geojson-go/geojson/geometry.go:504.3,505.59 1 1
github.com/venicegeo/geojson-go/geojson/geometry.go:506.3,508.42 2 1
github.com/venicegeo/geojson-go/geojson/geometry.go:511.4,511.46 1 1
github.com/venicegeo/geojson-go/geojson/geometry.go:508.42,510.5 1 1
github.com/venicegeo/geojson-go/geojson/geometry.go:521.58,523.36 2 1
github.com/venicegeo/geojson-go/geojson/geometry.go:543.2,543.15 1 1
github.com/venicegeo/geojson-go/geojson/geometry.go:524.2,526.37 1 1
github.com/venicegeo/geojson-go/geojson/geometry.go:527.2,528.44 1 1
github.com/venicegeo/geojson-go/geojson/geometry.go:531.2,533.37 1 1
github.com/venicegeo/geojson-go/geojson/geometry.go:534.2,535.44 1 1
github.com/venicegeo/geojson-go/geojson/geometry.go:536.2,538.37 1 0
github.com/venicegeo/geojson-go/geojson/geometry.go:539.2,541.35 1 0
github.com/venicegeo/geojson-go/geojson/geometry.go:528.44,530.4 1 1
github.com/venicegeo/geojson-go/geojson/geometry.go:547.36,552.14 4 1
github.com/venicegeo/geojson-go/geojson/geometry.go:577.2,577.12 1 0
github.com/venicegeo/geojson-go/geojson/geometry.go:553.2,554.46 1 1
github.com/venicegeo/geojson-go/geojson/geometry.go:557.3,557.23 1 0
github.com/venicegeo/geojson-go/geojson/geometry.go:558.2,559.50 1 1
github.com/venicegeo/geojson-go/geojson/geometry.go:562.3,562.25 1 0
github.com/venicegeo/geojson-go/geojson/geometry.go:563.2,564.48 1 1
github.com/venicegeo/geojson-go/geojson/geometry.go:567.3,567.28 1 0
github.com/venicegeo/geojson-go/geojson/geometry.go:568.2,569.34 1 1
github.com/venicegeo/geojson-go/geojson/geometry.go:554.46,556.4 1 1
github.com/venicegeo/geojson-go/geojson/geometry.go:559.50,561.4 1 1
github.com/venicegeo/geojson-go/geojson/geometry.go:564.48,566.4 1 1
github.com/venicegeo/geojson-go/geojson/geometry.go:570.3,571.29 1 1
github.com/venicegeo/geojson-go/geojson/geometry.go:572.3,574.29 2 0
github.com/venicegeo/geojson-go/geojson/geometry.go:580.50,583.29 2 1
github.com/venicegeo/geojson-go/geojson/geometry.go:619.2,619.12 1 0
github.com/venicegeo/geojson-go/geojson/geometry.go:584.2,587.53 3 1
github.com/venicegeo/geojson-go/geojson/geometry.go:601.3,601.21 1 1
github.com/venicegeo/geojson-go/geojson/geometry.go:606.2,607.39 1 1
github.com/venicegeo/geojson-go/geojson/geometry.go:587.53,589.37 1 1
github.com/venicegeo/geojson-go/geojson/geometry.go:589.37,591.35 2 1
github.com/venicegeo/geojson-go/geojson/geometry.go:592.5,593.37 1 1
github.com/venicegeo/geojson-go/geojson/geometry.go:594.5,595.37 1 1
github.com/venicegeo/geojson-go/geojson/geometry.go:601.21,603.4 1 1
github.com/venicegeo/geojson-go/geojson/geometry.go:603.4,603.28 1 1
github.com/venicegeo/geojson-go/geojson/geometry.go:603.28,605.4 1 1
github.com/venicegeo/geojson-go/geojson/geometry.go:608.3,610.40 2 1
github.com/venicegeo/geojson-go/geojson/geometry.go:611.3,613.54 2 1
github.com/venicegeo/geojson-go/geojson/geometry.go:616.4,616.17 1 1
github.com/venicegeo/geojson-go/geojson/geometry.go:613.54,615.5 1 1
github.com/venicegeo/geojson-go/geojson/geometry.go:622.50,624.49 2 1
github.com/venicegeo/geojson-go/geojson/geometry.go:628.2,628.15 1 1
github.com/venicegeo/geojson-go/geojson/geometry.go:624.49,627.3 2 1
github.com/venicegeo/geojson-go/geojson/wfs.go:31.70,51.66 10 1
github.com/venicegeo/geojson-go/geojson/wfs.go:54.2,54.64 1 1
github.com/venicegeo/geojson-go/geojson/wfs.go:58.2,62.60 3 1
github.com/venicegeo/geojson-go/geojson/wfs.go:67.2,68.49 2 1
github.com/venicegeo/geojson-go/geojson/wfs.go:71.2,71.101 1 0
github.com/venicegeo/geojson-go/geojson/wfs.go:51.66,53.3 1 0
github.com/venicegeo/geojson-go/geojson/wfs.go:54.64,56.3 1 0
github.com/venicegeo/geojson-go/geojson/wfs.go:62.60,65.3 2 1
github.com/venicegeo/geojson-go/geojson/wfs.go:68.49,70.3 1 1
