mode: set
github.com/venicegeo/geojson-go/geojson/bbox.go:38.61,45.35 2 1
github.com/venicegeo/geojson-go/geojson/bbox.go:98.2,98.31 1 1
github.com/venicegeo/geojson-go/geojson/bbox.go:46.2,47.35 1 1
github.com/venicegeo/geojson-go/geojson/bbox.go:54.2,55.22 1 1
github.com/venicegeo/geojson-go/geojson/bbox.go:58.2,59.25 1 1
github.com/venicegeo/geojson-go/geojson/bbox.go:68.2,69.34 1 1
github.com/venicegeo/geojson-go/geojson/bbox.go:76.2,77.34 1 1
github.com/venicegeo/geojson-go/geojson/bbox.go:84.2,85.34 1 1
github.com/venicegeo/geojson-go/geojson/bbox.go:92.2,93.34 1 1
github.com/venicegeo/geojson-go/geojson/bbox.go:47.35,48.67 1 1
github.com/venicegeo/geojson-go/geojson/bbox.go:48.67,50.5 1 1
github.com/venicegeo/geojson-go/geojson/bbox.go:50.5,52.5 1 1
github.com/venicegeo/geojson-go/geojson/bbox.go:55.22,57.4 1 1
github.com/venicegeo/geojson-go/geojson/bbox.go:60.3,60.13 0 0
github.com/venicegeo/geojson-go/geojson/bbox.go:62.3,63.47 1 1
github.com/venicegeo/geojson-go/geojson/bbox.go:65.3,66.54 1 1
github.com/venicegeo/geojson-go/geojson/bbox.go:69.34,70.53 1 1
github.com/venicegeo/geojson-go/geojson/bbox.go:70.53,72.5 1 1
github.com/venicegeo/geojson-go/geojson/bbox.go:72.5,74.5 1 0
github.com/venicegeo/geojson-go/geojson/bbox.go:77.34,78.53 1 1
github.com/venicegeo/geojson-go/geojson/bbox.go:78.53,80.5 1 1
github.com/venicegeo/geojson-go/geojson/bbox.go:80.5,82.5 1 0
github.com/venicegeo/geojson-go/geojson/bbox.go:85.34,86.53 1 1
github.com/venicegeo/geojson-go/geojson/bbox.go:86.53,88.5 1 1
github.com/venicegeo/geojson-go/geojson/bbox.go:88.5,90.5 1 0
github.com/venicegeo/geojson-go/geojson/bbox.go:93.34,95.4 1 1
github.com/venicegeo/geojson-go/geojson/bbox.go:101.57,103.17 2 1
github.com/venicegeo/geojson-go/geojson/bbox.go:107.2,107.27 1 1
github.com/venicegeo/geojson-go/geojson/bbox.go:112.2,112.53 1 1
github.com/venicegeo/geojson-go/geojson/bbox.go:126.2,126.38 1 1
github.com/venicegeo/geojson-go/geojson/bbox.go:132.2,132.47 1 1
github.com/venicegeo/geojson-go/geojson/bbox.go:137.2,137.14 1 1
github.com/venicegeo/geojson-go/geojson/bbox.go:103.17,105.3 1 1
github.com/venicegeo/geojson-go/geojson/bbox.go:107.27,109.3 1 0
github.com/venicegeo/geojson-go/geojson/bbox.go:112.53,114.3 1 1
github.com/venicegeo/geojson-go/geojson/bbox.go:114.3,114.60 1 1
github.com/venicegeo/geojson-go/geojson/bbox.go:114.60,116.3 1 1
github.com/venicegeo/geojson-go/geojson/bbox.go:116.3,117.27 1 1
github.com/venicegeo/geojson-go/geojson/bbox.go:120.3,120.41 1 1
github.com/venicegeo/geojson-go/geojson/bbox.go:117.27,119.4 1 1
github.com/venicegeo/geojson-go/geojson/bbox.go:120.41,122.4 1 1
github.com/venicegeo/geojson-go/geojson/bbox.go:126.38,127.31 1 1
github.com/venicegeo/geojson-go/geojson/bbox.go:127.31,129.4 1 1
github.com/venicegeo/geojson-go/geojson/bbox.go:132.47,133.31 1 1
github.com/venicegeo/geojson-go/geojson/bbox.go:133.31,135.4 1 1
github.com/venicegeo/geojson-go/geojson/bbox.go:141.53,144.36 3 1
github.com/venicegeo/geojson-go/geojson/bbox.go:147.2,147.58 1 1
github.com/venicegeo/geojson-go/geojson/bbox.go:150.2,150.35 1 1
github.com/venicegeo/geojson-go/geojson/bbox.go:155.2,155.13 1 1
github.com/venicegeo/geojson-go/geojson/bbox.go:144.36,146.3 1 0
github.com/venicegeo/geojson-go/geojson/bbox.go:147.58,149.3 1 0
github.com/venicegeo/geojson-go/geojson/bbox.go:150.35,151.27 1 1
github.com/venicegeo/geojson-go/geojson/bbox.go:151.27,153.4 1 0
github.com/venicegeo/geojson-go/geojson/bbox.go:160.55,164.58 3 1
github.com/venicegeo/geojson-go/geojson/bbox.go:167.2,169.46 3 1
github.com/venicegeo/geojson-go/geojson/bbox.go:180.2,181.22 2 1
github.com/venicegeo/geojson-go/geojson/bbox.go:184.2,184.15 1 1
github.com/venicegeo/geojson-go/geojson/bbox.go:164.58,166.3 1 0
github.com/venicegeo/geojson-go/geojson/bbox.go:169.46,171.3 0 0
github.com/venicegeo/geojson-go/geojson/bbox.go:171.3,171.30 1 1
github.com/venicegeo/geojson-go/geojson/bbox.go:171.30,174.3 1 1
github.com/venicegeo/geojson-go/geojson/bbox.go:174.3,174.32 1 1
github.com/venicegeo/geojson-go/geojson/bbox.go:174.32,177.3 1 1
github.com/venicegeo/geojson-go/geojson/bbox.go:177.3,179.3 1 0
github.com/venicegeo/geojson-go/geojson/bbox.go:181.22,183.3 1 0
github.com/venicegeo/geojson-go/geojson/bbox.go:188.39,190.17 2 1
github.com/venicegeo/geojson-go/geojson/bbox.go:204.2,204.15 1 1
github.com/venicegeo/geojson-go/geojson/bbox.go:191.2,195.42 1 0
github.com/venicegeo/geojson-go/geojson/bbox.go:196.2,202.42 1 0
github.com/venicegeo/geojson-go/geojson/bbox.go:209.37,210.17 1 1
github.com/venicegeo/geojson-go/geojson/bbox.go:224.2,224.64 1 1
github.com/venicegeo/geojson-go/geojson/bbox.go:211.2,212.13 1 1
github.com/venicegeo/geojson-go/geojson/bbox.go:213.2,214.20 1 1
github.com/venicegeo/geojson-go/geojson/bbox.go:217.3,217.13 1 1
github.com/venicegeo/geojson-go/geojson/bbox.go:218.2,219.37 1 1
github.com/venicegeo/geojson-go/geojson/bbox.go:222.3,222.13 1 1
github.com/venicegeo/geojson-go/geojson/bbox.go:214.20,216.4 1 0
github.com/venicegeo/geojson-go/geojson/bbox.go:219.37,221.4 1 1
github.com/venicegeo/geojson-go/geojson/bbox.go:228.43,229.23 1 1
github.com/venicegeo/geojson-go/geojson/bbox.go:232.2,232.17 1 1
github.com/venicegeo/geojson-go/geojson/bbox.go:243.2,243.14 1 1
github.com/venicegeo/geojson-go/geojson/bbox.go:229.23,231.3 1 0
github.com/venicegeo/geojson-go/geojson/bbox.go:233.2,233.9 0 0
github.com/venicegeo/geojson-go/geojson/bbox.go:234.2,235.20 1 1
github.com/venicegeo/geojson-go/geojson/bbox.go:238.2,239.20 1 1
github.com/venicegeo/geojson-go/geojson/bbox.go:235.20,237.4 1 1
github.com/venicegeo/geojson-go/geojson/bbox.go:239.20,241.4 1 1
github.com/venicegeo/geojson-go/geojson/bbox.go:248.41,250.23 2 1
github.com/venicegeo/geojson-go/geojson/bbox.go:266.2,266.15 1 1
github.com/venicegeo/geojson-go/geojson/bbox.go:250.23,251.18 1 1
github.com/venicegeo/geojson-go/geojson/bbox.go:252.3,252.10 0 1
github.com/venicegeo/geojson-go/geojson/bbox.go:253.3,257.38 4 1
github.com/venicegeo/geojson-go/geojson/bbox.go:258.3,263.38 5 0
github.com/venicegeo/geojson-go/geojson/feature.go:46.55,48.55 2 1
github.com/venicegeo/geojson-go/geojson/feature.go:51.2,52.21 2 1
github.com/venicegeo/geojson-go/geojson/feature.go:48.55,50.3 1 0
github.com/venicegeo/geojson-go/geojson/feature.go:56.49,57.27 1 1
github.com/venicegeo/geojson-go/geojson/feature.go:60.2,60.58 1 1
github.com/venicegeo/geojson-go/geojson/feature.go:64.2,65.22 2 0
github.com/venicegeo/geojson-go/geojson/feature.go:57.27,59.3 1 1
github.com/venicegeo/geojson-go/geojson/feature.go:60.58,62.3 1 1
github.com/venicegeo/geojson-go/geojson/feature.go:69.41,71.53 2 1
github.com/venicegeo/geojson-go/geojson/feature.go:76.2,76.15 1 1
github.com/venicegeo/geojson-go/geojson/feature.go:71.53,73.3 1 1
github.com/venicegeo/geojson-go/geojson/feature.go:73.3,75.3 1 0
github.com/venicegeo/geojson-go/geojson/feature.go:80.40,81.23 1 0
github.com/venicegeo/geojson-go/geojson/feature.go:84.2,84.38 1 0
github.com/venicegeo/geojson-go/geojson/feature.go:81.23,83.3 1 0
github.com/venicegeo/geojson-go/geojson/feature.go:89.35,91.39 2 1
github.com/venicegeo/geojson-go/geojson/feature.go:101.2,104.15 4 1
github.com/venicegeo/geojson-go/geojson/feature.go:92.2,93.30 1 1
github.com/venicegeo/geojson-go/geojson/feature.go:94.2,95.29 1 0
github.com/venicegeo/geojson-go/geojson/feature.go:96.2,97.24 1 0
github.com/venicegeo/geojson-go/geojson/feature.go:98.2,99.25 1 0
github.com/venicegeo/geojson-go/geojson/feature.go:109.80,110.23 1 1
github.com/venicegeo/geojson-go/geojson/feature.go:113.2,113.84 1 1
github.com/venicegeo/geojson-go/geojson/feature.go:110.23,112.3 1 1
github.com/venicegeo/geojson-go/geojson/feature.go:118.43,119.45 1 1
github.com/venicegeo/geojson-go/geojson/feature.go:120.2,121.43 1 1
github.com/venicegeo/geojson-go/geojson/feature.go:122.2,123.48 1 1
github.com/venicegeo/geojson-go/geojson/feature.go:127.42,129.31 2 1
github.com/venicegeo/geojson-go/geojson/feature.go:143.2,143.15 1 1
github.com/venicegeo/geojson-go/geojson/feature.go:130.2,131.17 1 1
github.com/venicegeo/geojson-go/geojson/feature.go:132.2,133.26 1 0
github.com/venicegeo/geojson-go/geojson/feature.go:134.2,135.35 1 1
github.com/venicegeo/geojson-go/geojson/feature.go:136.2,137.37 1 0
github.com/venicegeo/geojson-go/geojson/feature.go:138.2,139.40 1 1
github.com/venicegeo/geojson-go/geojson/feature.go:140.2,141.51 1 1
github.com/venicegeo/geojson-go/geojson/feature.go:148.68,150.58 2 1
github.com/venicegeo/geojson-go/geojson/feature.go:153.2,153.15 1 0
github.com/venicegeo/geojson-go/geojson/feature.go:150.58,152.3 1 1
github.com/venicegeo/geojson-go/geojson/feature.go:156.36,159.31 2 1
github.com/venicegeo/geojson-go/geojson/feature.go:174.2,174.15 1 1
github.com/venicegeo/geojson-go/geojson/feature.go:160.2,161.17 1 1
github.com/venicegeo/geojson-go/geojson/feature.go:162.2,164.26 2 1
github.com/venicegeo/geojson-go/geojson/feature.go:165.2,166.34 1 0
github.com/venicegeo/geojson-go/geojson/feature.go:167.2,168.30 1 1
github.com/venicegeo/geojson-go/geojson/feature.go:169.2,170.30 1 0
github.com/venicegeo/geojson-go/geojson/feature.go:171.2,172.30 1 1
github.com/venicegeo/geojson-go/geojson/feature.go:179.62,181.58 2 1
github.com/venicegeo/geojson-go/geojson/feature.go:184.2,184.15 1 1
github.com/venicegeo/geojson-go/geojson/feature.go:181.58,183.3 1 1
github.com/venicegeo/geojson-go/geojson/feature.go:189.75,191.58 2 1
github.com/venicegeo/geojson-go/geojson/feature.go:203.2,203.15 1 1
github.com/venicegeo/geojson-go/geojson/feature.go:191.58,192.35 1 1
github.com/venicegeo/geojson-go/geojson/feature.go:193.3,194.18 1 0
github.com/venicegeo/geojson-go/geojson/feature.go:195.3,196.31 1 0
github.com/venicegeo/geojson-go/geojson/feature.go:196.31,197.44 1 0
github.com/venicegeo/geojson-go/geojson/feature.go:197.44,199.6 1 0
github.com/venicegeo/geojson-go/geojson/feature.go:206.42,209.31 2 1
github.com/venicegeo/geojson-go/geojson/feature.go:225.2,225.15 1 1
github.com/venicegeo/geojson-go/geojson/feature.go:210.2,211.17 1 1
github.com/venicegeo/geojson-go/geojson/feature.go:212.2,213.68 1 1
github.com/venicegeo/geojson-go/geojson/feature.go:216.2,217.36 1 0
github.com/venicegeo/geojson-go/geojson/feature.go:218.2,219.36 1 1
github.com/venicegeo/geojson-go/geojson/feature.go:220.2,221.36 1 0
github.com/venicegeo/geojson-go/geojson/feature.go:222.2,223.36 1 1
github.com/venicegeo/geojson-go/geojson/feature.go:213.68,215.4 1 0
github.com/venicegeo/geojson-go/geojson/feature.go:230.68,232.58 2 1
github.com/venicegeo/geojson-go/geojson/feature.go:235.2,235.15 1 1
github.com/venicegeo/geojson-go/geojson/feature.go:232.58,234.3 1 1
github.com/venicegeo/geojson-go/geojson/feature.go:240.41,245.48 2 1
github.com/venicegeo/geojson-go/geojson/feature.go:263.2,263.12 1 0
github.com/venicegeo/geojson-go/geojson/feature.go:245.48,250.37 5 1
github.com/venicegeo/geojson-go/geojson/feature.go:253.3,253.30 1 1
github.com/venicegeo/geojson-go/geojson/feature.go:261.3,261.17 1 1
github.com/venicegeo/geojson-go/geojson/feature.go:250.37,252.4 1 0
github.com/venicegeo/geojson-go/geojson/feature.go:253.30,254.31 1 1
github.com/venicegeo/geojson-go/geojson/feature.go:255.4,256.23 1 1
github.com/venicegeo/geojson-go/geojson/feature.go:257.4,258.53 1 0
github.com/venicegeo/geojson-go/geojson/feature_collection.go:36.75,38.55 2 1
github.com/venicegeo/geojson-go/geojson/feature_collection.go:41.2,41.42 1 1
github.com/venicegeo/geojson-go/geojson/feature_collection.go:44.2,44.21 1 1
github.com/venicegeo/geojson-go/geojson/feature_collection.go:38.55,40.3 1 0
github.com/venicegeo/geojson-go/geojson/feature_collection.go:41.42,43.3 1 1
github.com/venicegeo/geojson-go/geojson/feature_collection.go:48.54,49.22 1 1
github.com/venicegeo/geojson-go/geojson/feature_collection.go:52.2,53.38 2 1
github.com/venicegeo/geojson-go/geojson/feature_collection.go:56.2,56.15 1 1
github.com/venicegeo/geojson-go/geojson/feature_collection.go:49.22,51.3 1 0
github.com/venicegeo/geojson-go/geojson/feature_collection.go:53.38,55.3 1 1
github.com/venicegeo/geojson-go/geojson/feature_collection.go:60.67,61.21 1 1
github.com/venicegeo/geojson-go/geojson/feature_collection.go:64.2,64.72 1 1
github.com/venicegeo/geojson-go/geojson/feature_collection.go:61.21,63.3 1 1
github.com/venicegeo/geojson-go/geojson/feature_collection.go:68.46,70.48 2 1
github.com/venicegeo/geojson-go/geojson/feature_collection.go:75.2,75.15 1 1
github.com/venicegeo/geojson-go/geojson/feature_collection.go:70.48,72.3 1 1
github.com/venicegeo/geojson-go/geojson/feature_collection.go:72.3,74.3 1 0
github.com/venicegeo/geojson-go/geojson/feature_collection.go:80.40,84.40 4 1
github.com/venicegeo/geojson-go/geojson/feature_collection.go:88.2,90.15 3 1
github.com/venicegeo/geojson-go/geojson/feature_collection.go:84.40,86.3 1 1
github.com/venicegeo/geojson-go/geojson/feature_collection.go:95.61,98.58 3 1
github.com/venicegeo/geojson-go/geojson/feature_collection.go:106.2,106.36 1 1
github.com/venicegeo/geojson-go/geojson/feature_collection.go:109.2,109.15 1 1
github.com/venicegeo/geojson-go/geojson/feature_collection.go:98.58,99.44 1 1
github.com/venicegeo/geojson-go/geojson/feature_collection.go:99.44,100.46 1 1
github.com/venicegeo/geojson-go/geojson/feature_collection.go:100.46,103.5 2 1
github.com/venicegeo/geojson-go/geojson/feature_collection.go:106.36,108.3 1 1
github.com/venicegeo/geojson-go/geojson/feature_collection.go:114.47,118.38 2 1
github.com/venicegeo/geojson-go/geojson/feature_collection.go:127.2,127.38 1 1
github.com/venicegeo/geojson-go/geojson/feature_collection.go:118.38,119.39 1 1
github.com/venicegeo/geojson-go/geojson/feature_collection.go:119.39,120.37 1 1
github.com/venicegeo/geojson-go/geojson/feature_collection.go:120.37,122.5 1 1
github.com/venicegeo/geojson-go/geojson/feature_collection.go:127.38,128.31 1 1
github.com/venicegeo/geojson-go/geojson/feature_collection.go:128.31,129.45 1 1
github.com/venicegeo/geojson-go/geojson/feature_collection.go:129.45,131.5 1 1
github.com/venicegeo/geojson-go/geojson/geojson.go:35.47,41.50 2 1
github.com/venicegeo/geojson-go/geojson/geojson.go:44.2,44.18 1 1
github.com/venicegeo/geojson-go/geojson/geojson.go:64.2,64.20 1 1
github.com/venicegeo/geojson-go/geojson/geojson.go:41.50,43.3 1 0
github.com/venicegeo/geojson-go/geojson/geojson.go:45.2,46.38 1 1
github.com/venicegeo/geojson-go/geojson/geojson.go:47.2,48.43 1 1
github.com/venicegeo/geojson-go/geojson/geojson.go:49.2,50.40 1 1
github.com/venicegeo/geojson-go/geojson/geojson.go:51.2,52.43 1 1
github.com/venicegeo/geojson-go/geojson/geojson.go:53.2,54.48 1 1
github.com/venicegeo/geojson-go/geojson/geojson.go:55.2,56.45 1 1
github.com/venicegeo/geojson-go/geojson/geojson.go:57.2,58.51 1 1
github.com/venicegeo/geojson-go/geojson/geojson.go:59.2,60.40 1 1
github.com/venicegeo/geojson-go/geojson/geojson.go:61.2,62.50 1 1
github.com/venicegeo/geojson-go/geojson/geojson.go:68.54,73.56 2 1
github.com/venicegeo/geojson-go/geojson/geojson.go:76.2,76.21 1 1
github.com/venicegeo/geojson-go/geojson/geojson.go:73.56,75.3 1 0
github.com/venicegeo/geojson-go/geojson/geojson.go:81.37,87.37 2 1
github.com/venicegeo/geojson-go/geojson/geojson.go:98.2,98.12 1 0
github.com/venicegeo/geojson-go/geojson/geojson.go:87.37,88.27 1 1
github.com/venicegeo/geojson-go/geojson/geojson.go:89.3,90.32 1 1
github.com/venicegeo/geojson-go/geojson/geojson.go:91.3,92.42 1 1
github.com/venicegeo/geojson-go/geojson/geojson.go:93.3,94.29 1 1
github.com/venicegeo/geojson-go/geojson/geojson.go:102.47,104.2 1 1
github.com/venicegeo/geojson-go/geojson/geojson.go:107.58,112.43 2 1
github.com/venicegeo/geojson-go/geojson/geojson.go:115.2,115.48 1 1
github.com/venicegeo/geojson-go/geojson/geojson.go:112.43,114.3 1 0
github.com/venicegeo/geojson-go/geojson/geometry.go:48.51,52.2 3 1
github.com/venicegeo/geojson-go/geojson/geometry.go:55.44,56.25 1 1
github.com/venicegeo/geojson-go/geojson/geometry.go:59.2,59.64 1 1
github.com/venicegeo/geojson-go/geojson/geometry.go:62.2,62.20 1 0
github.com/venicegeo/geojson-go/geojson/geometry.go:56.25,58.3 1 0
github.com/venicegeo/geojson-go/geojson/geometry.go:59.64,61.3 1 1
github.com/venicegeo/geojson-go/geojson/geometry.go:66.36,68.51 2 1
github.com/venicegeo/geojson-go/geojson/geometry.go:73.2,73.15 1 1
github.com/venicegeo/geojson-go/geojson/geometry.go:68.51,70.3 1 1
github.com/venicegeo/geojson-go/geojson/geometry.go:70.3,72.3 1 0
github.com/venicegeo/geojson-go/geojson/geometry.go:77.30,82.2 4 1
github.com/venicegeo/geojson-go/geojson/geometry.go:85.45,86.26 1 1
github.com/venicegeo/geojson-go/geojson/geometry.go:89.2,89.12 1 0
github.com/venicegeo/geojson-go/geojson/geometry.go:86.26,88.3 1 1
github.com/venicegeo/geojson-go/geojson/geometry.go:93.33,95.32 2 1
github.com/venicegeo/geojson-go/geojson/geometry.go:105.2,105.15 1 1
github.com/venicegeo/geojson-go/geojson/geometry.go:96.2,97.80 1 1
github.com/venicegeo/geojson-go/geojson/geometry.go:98.2,99.82 1 1
github.com/venicegeo/geojson-go/geojson/geometry.go:100.2,101.83 1 1
github.com/venicegeo/geojson-go/geojson/geometry.go:102.2,103.25 1 0
github.com/venicegeo/geojson-go/geojson/geometry.go:108.53,110.20 2 1
github.com/venicegeo/geojson-go/geojson/geometry.go:118.2,118.15 1 1
github.com/venicegeo/geojson-go/geojson/geometry.go:111.2,112.52 1 1
github.com/venicegeo/geojson-go/geojson/geometry.go:113.2,114.65 1 1
github.com/venicegeo/geojson-go/geojson/geometry.go:115.2,116.78 1 1
github.com/venicegeo/geojson-go/geojson/geometry.go:130.61,134.2 3 1
github.com/venicegeo/geojson-go/geojson/geometry.go:137.46,138.22 1 1
github.com/venicegeo/geojson-go/geojson/geometry.go:141.2,141.61 1 1
github.com/venicegeo/geojson-go/geojson/geometry.go:144.2,144.20 1 0
github.com/venicegeo/geojson-go/geojson/geometry.go:138.22,140.3 1 0
github.com/venicegeo/geojson-go/geojson/geometry.go:141.61,143.3 1 1
github.com/venicegeo/geojson-go/geojson/geometry.go:148.38,150.48 2 1
github.com/venicegeo/geojson-go/geojson/geometry.go:155.2,155.15 1 1
github.com/venicegeo/geojson-go/geojson/geometry.go:150.48,152.3 1 1
github.com/venicegeo/geojson-go/geojson/geometry.go:152.3,154.3 1 0
github.com/venicegeo/geojson-go/geojson/geometry.go:159.32,164.2 4 1
github.com/venicegeo/geojson-go/geojson/geometry.go:167.57,169.2 1 1
github.com/venicegeo/geojson-go/geojson/geometry.go:180.55,184.2 3 1
github.com/venicegeo/geojson-go/geojson/geometry.go:187.48,188.27 1 1
github.com/venicegeo/geojson-go/geojson/geometry.go:191.2,191.66 1 1
github.com/venicegeo/geojson-go/geojson/geometry.go:194.2,194.20 1 0
github.com/venicegeo/geojson-go/geojson/geometry.go:188.27,190.3 1 0
github.com/venicegeo/geojson-go/geojson/geometry.go:191.66,193.3 1 1
github.com/venicegeo/geojson-go/geojson/geometry.go:198.40,200.53 2 1
github.com/venicegeo/geojson-go/geojson/geometry.go:205.2,205.15 1 1
github.com/venicegeo/geojson-go/geojson/geometry.go:200.53,202.3 1 1
github.com/venicegeo/geojson-go/geojson/geometry.go:202.3,204.3 1 0
github.com/venicegeo/geojson-go/geojson/geometry.go:209.34,214.2 4 1
github.com/venicegeo/geojson-go/geojson/geometry.go:217.53,219.2 1 1
github.com/venicegeo/geojson-go/geojson/geometry.go:230.61,234.2 3 1
github.com/venicegeo/geojson-go/geojson/geometry.go:237.46,238.22 1 1
github.com/venicegeo/geojson-go/geojson/geometry.go:241.2,241.61 1 1
github.com/venicegeo/geojson-go/geojson/geometry.go:244.2,244.20 1 0
github.com/venicegeo/geojson-go/geojson/geometry.go:238.22,240.3 1 0
github.com/venicegeo/geojson-go/geojson/geometry.go:241.61,243.3 1 1
github.com/venicegeo/geojson-go/geojson/geometry.go:248.38,250.48 2 1
github.com/venicegeo/geojson-go/geojson/geometry.go:255.2,255.15 1 1
github.com/venicegeo/geojson-go/geojson/geometry.go:250.48,252.3 1 1
github.com/venicegeo/geojson-go/geojson/geometry.go:252.3,254.3 1 0
github.com/venicegeo/geojson-go/geojson/geometry.go:259.32,264.2 4 0
github.com/venicegeo/geojson-go/geojson/geometry.go:267.57,269.2 1 1
github.com/venicegeo/geojson-go/geojson/geometry.go:280.71,284.2 3 1
github.com/venicegeo/geojson-go/geojson/geometry.go:287.52,288.23 1 1
github.com/venicegeo/geojson-go/geojson/geometry.go:291.2,291.62 1 1
github.com/venicegeo/geojson-go/geojson/geometry.go:294.2,294.20 1 0
github.com/venicegeo/geojson-go/geojson/geometry.go:288.23,290.3 1 0
github.com/venicegeo/geojson-go/geojson/geometry.go:291.62,293.3 1 1
github.com/venicegeo/geojson-go/geojson/geometry.go:298.44,300.49 2 1
github.com/venicegeo/geojson-go/geojson/geometry.go:305.2,305.15 1 1
github.com/venicegeo/geojson-go/geojson/geometry.go:300.49,302.3 1 1
github.com/venicegeo/geojson-go/geojson/geometry.go:302.3,304.3 1 0
github.com/venicegeo/geojson-go/geojson/geometry.go:309.38,314.2 4 0
github.com/venicegeo/geojson-go/geojson/geometry.go:317.69,319.2 1 0
github.com/venicegeo/geojson-go/geojson/geometry.go:330.65,334.2 3 1
github.com/venicegeo/geojson-go/geojson/geometry.go:337.48,338.22 1 1
github.com/venicegeo/geojson-go/geojson/geometry.go:341.2,341.61 1 1
github.com/venicegeo/geojson-go/geojson/geometry.go:344.2,344.20 1 0
github.com/venicegeo/geojson-go/geojson/geometry.go:338.22,340.3 1 0
github.com/venicegeo/geojson-go/geojson/geometry.go:341.61,343.3 1 1
github.com/venicegeo/geojson-go/geojson/geometry.go:348.40,350.48 2 1
github.com/venicegeo/geojson-go/geojson/geometry.go:355.2,355.15 1 1
github.com/venicegeo/geojson-go/geojson/geometry.go:350.48,352.3 1 1
github.com/venicegeo/geojson-go/geojson/geometry.go:352.3,354.3 1 0
github.com/venicegeo/geojson-go/geojson/geometry.go:359.34,364.2 4 0
github.com/venicegeo/geojson-go/geojson/geometry.go:367.65,369.2 1 1
github.com/venicegeo/geojson-go/geojson/geometry.go:379.77,383.41 4 1
github.com/venicegeo/geojson-go/geojson/geometry.go:388.2,389.21 2 1
github.com/venicegeo/geojson-go/geojson/geometry.go:383.41,387.3 3 1
github.com/venicegeo/geojson-go/geojson/geometry.go:393.54,394.22 1 1
github.com/venicegeo/geojson-go/geojson/geometry.go:397.2,398.41 2 1
github.com/venicegeo/geojson-go/geojson/geometry.go:403.2,403.15 1 1
github.com/venicegeo/geojson-go/geojson/geometry.go:394.22,396.3 1 0
github.com/venicegeo/geojson-go/geojson/geometry.go:398.41,399.51 1 1
github.com/venicegeo/geojson-go/geojson/geometry.go:399.51,401.4 1 1
github.com/venicegeo/geojson-go/geojson/geometry.go:407.46,409.48 2 1
github.com/venicegeo/geojson-go/geojson/geometry.go:414.2,414.15 1 1
github.com/venicegeo/geojson-go/geojson/geometry.go:409.48,411.3 1 1
github.com/venicegeo/geojson-go/geojson/geometry.go:411.3,413.3 1 0
github.com/venicegeo/geojson-go/geojson/geometry.go:418.40,421.43 3 0
github.com/venicegeo/geojson-go/geojson/geometry.go:429.2,431.15 3 0
github.com/venicegeo/geojson-go/geojson/geometry.go:421.43,422.32 1 0
github.com/venicegeo/geojson-go/geojson/geometry.go:423.3,424.24 1 0
github.com/venicegeo/geojson-go/geojson/geometry.go:425.3,426.30 1 0
github.com/venicegeo/geojson-go/geojson/geometry.go:435.74,436.23 1 1
github.com/venicegeo/geojson-go/geojson/geometry.go:439.2,439.78 1 1
github.com/venicegeo/geojson-go/geojson/geometry.go:436.23,438.3 1 0
github.com/venicegeo/geojson-go/geojson/geometry.go:445.54,453.28 2 1
github.com/venicegeo/geojson-go/geojson/geometry.go:477.2,477.15 1 1
github.com/venicegeo/geojson-go/geojson/geometry.go:454.2,455.14 1 1
github.com/venicegeo/geojson-go/geojson/geometry.go:456.2,457.38 1 1
github.com/venicegeo/geojson-go/geojson/geometry.go:457.38,458.35 1 1
github.com/venicegeo/geojson-go/geojson/geometry.go:459.4,461.20 2 1
github.com/venicegeo/geojson-go/geojson/geometry.go:462.4,463.52 1 1
github.com/venicegeo/geojson-go/geojson/geometry.go:464.5,466.22 2 1
github.com/venicegeo/geojson-go/geojson/geometry.go:467.5,469.22 2 1
github.com/venicegeo/geojson-go/geojson/geometry.go:470.5,472.22 2 1
github.com/venicegeo/geojson-go/geojson/geometry.go:482.49,487.28 2 1
github.com/venicegeo/geojson-go/geojson/geometry.go:518.2,518.15 1 1
github.com/venicegeo/geojson-go/geojson/geometry.go:488.2,489.35 1 1
github.com/venicegeo/geojson-go/geojson/geometry.go:492.3,493.16 2 1
github.com/venicegeo/geojson-go/geojson/geometry.go:513.2,514.30 1 1
github.com/venicegeo/geojson-go/geojson/geometry.go:515.2,516.14 1 0
github.com/venicegeo/geojson-go/geojson/geometry.go:489.35,491.4 1 1
github.com/venicegeo/geojson-go/geojson/geometry.go:494.3,495.46 1 1
github.com/venicegeo/geojson-go/geojson/geometry.go:496.3,497.53 1 1
github.com/venicegeo/geojson-go/geojson/geometry.go:498.3,499.52 1 1
github.com/venicegeo/geojson-go/geojson/geometry.go:500.3,501.53 1 0
github.com/venicegeo/geojson-go/geojson/geometry.go:502.3,503.60 1 0
github.com/venicegeo/geojson-go/geojson/geometry.go:504.3,505.59 1 1
github.com/venicegeo/geojson-go/geojson/geometry.go:506.3,508.42 2 1
github.com/venicegeo/geojson-go/geojson/geometry.go:511.4,511.46 1 1
github.com/venicegeo/geojson-go/geojson/geometry.go:508.42,510.5 1 1
github.com/venicegeo/geojson-go/geojson/geometry.go:523.58,525.36 2 1
github.com/venicegeo/geojson-go/geojson/geometry.go:545.2,545.15 1 1
github.com/venicegeo/geojson-go/geojson/geometry.go:526.2,528.37 1 1
github.com/venicegeo/geojson-go/geojson/geometry.go:529.2,530.44 1 1
github.com/venicegeo/geojson-go/geojson/geometry.go:533.2,535.37 1 1
github.com/venicegeo/geojson-go/geojson/geometry.go:536.2,537.44 1 1
github.com/venicegeo/geojson-go/geojson/geometry.go:538.2,540.37 1 0
github.com/venicegeo/geojson-go/geojson/geometry.go:541.2,543.35 1 0
github.com/venicegeo/geojson-go/geojson/geometry.go:530.44,532.4 1 1
github.com/venicegeo/geojson-go/geojson/geometry.go:549.36,554.14 4 1
github.com/venicegeo/geojson-go/geojson/geometry.go:579.2,579.12 1 0
github.com/venicegeo/geojson-go/geojson/geometry.go:555.2,556.46 1 1
github.com/venicegeo/geojson-go/geojson/geometry.go:559.3,559.23 1 0
github.com/venicegeo/geojson-go/geojson/geometry.go:560.2,561.50 1 1
github.com/venicegeo/geojson-go/geojson/geometry.go:564.3,564.25 1 0
github.com/venicegeo/geojson-go/geojson/geometry.go:565.2,566.48 1 1
github.com/venicegeo/geojson-go/geojson/geometry.go:569.3,569.28 1 0
github.com/venicegeo/geojson-go/geojson/geometry.go:570.2,571.34 1 1
github.com/venicegeo/geojson-go/geojson/geometry.go:556.46,558.4 1 1
github.com/venicegeo/geojson-go/geojson/geometry.go:561.50,563.4 1 1
github.com/venicegeo/geojson-go/geojson/geometry.go:566.48,568.4 1 1
github.com/venicegeo/geojson-go/geojson/geometry.go:572.3,573.29 1 1
github.com/venicegeo/geojson-go/geojson/geometry.go:574.3,576.29 2 0
github.com/venicegeo/geojson-go/geojson/geometry.go:582.50,585.29 2 1
github.com/venicegeo/geojson-go/geojson/geometry.go:621.2,621.12 1 0
github.com/venicegeo/geojson-go/geojson/geometry.go:586.2,589.53 3 1
github.com/venicegeo/geojson-go/geojson/geometry.go:603.3,603.21 1 1
github.com/venicegeo/geojson-go/geojson/geometry.go:608.2,609.39 1 1
github.com/venicegeo/geojson-go/geojson/geometry.go:589.53,591.37 1 1
github.com/venicegeo/geojson-go/geojson/geometry.go:591.37,593.35 2 1
github.com/venicegeo/geojson-go/geojson/geometry.go:594.5,595.37 1 1
github.com/venicegeo/geojson-go/geojson/geometry.go:596.5,597.37 1 1
github.com/venicegeo/geojson-go/geojson/geometry.go:603.21,605.4 1 1
github.com/venicegeo/geojson-go/geojson/geometry.go:605.4,605.28 1 1
github.com/venicegeo/geojson-go/geojson/geometry.go:605.28,607.4 1 1
github.com/venicegeo/geojson-go/geojson/geometry.go:610.3,612.40 2 1
github.com/venicegeo/geojson-go/geojson/geometry.go:613.3,615.54 2 1
github.com/venicegeo/geojson-go/geojson/geometry.go:618.4,618.17 1 1
github.com/venicegeo/geojson-go/geojson/geometry.go:615.54,617.5 1 1
github.com/venicegeo/geojson-go/geojson/geometry.go:624.50,626.49 2 1
github.com/venicegeo/geojson-go/geojson/geometry.go:630.2,630.15 1 1
github.com/venicegeo/geojson-go/geojson/geometry.go:626.49,629.3 2 1
github.com/venicegeo/geojson-go/geojson/wfs.go:31.70,51.66 10 1
github.com/venicegeo/geojson-go/geojson/wfs.go:54.2,54.64 1 1
github.com/venicegeo/geojson-go/geojson/wfs.go:58.2,62.60 3 1
github.com/venicegeo/geojson-go/geojson/wfs.go:67.2,68.49 2 1
github.com/venicegeo/geojson-go/geojson/wfs.go:71.2,71.101 1 0
github.com/venicegeo/geojson-go/geojson/wfs.go:51.66,53.3 1 0
github.com/venicegeo/geojson-go/geojson/wfs.go:54.64,56.3 1 0
github.com/venicegeo/geojson-go/geojson/wfs.go:62.60,65.3 2 1
github.com/venicegeo/geojson-go/geojson/wfs.go:68.49,70.3 1 1
